MPASM  5.30.01                A VER QUE PASA.ASM   3-24-2021  1:04:40         PAGE  1


LOC  OBJECT CODE     LINE SOURCE TEXT
  VALUE

                      00001 ;INSTITUTO POLITECNICO NACIONAL
                      00002 ;CECYT 9 JUAN DE DIOS BATIZ
                      00003 ;
                      00004 ;PRACTICA 1 MANEJO DE UNA PANTALLA LCD (RELOJ DE TIEMPO REAL).
                      00005 ;
                      00006 ;GRUPO:6IM2
                      00007 ;
                      00008 ;INTEGRANTE
                      00009 ;Morales Martínez José Antonio
                      00010 ;
                      00011 ;El programa ejecutara un reloj en tiempo real mediante interrupciones y se vizualizara en un 
                      00012 ;LCD
                      00013 ;----------------------------------------------------------------------------------------------------
                      00014 
Warning[205]: Found directive in column 1. (LIST)
                      00015 LIST P=16F877A; // Directiva utilizada para definir el microcontrolador a utilizar
                      00016 
                      00017 
                      00018 #INCLUDE "c:\program files (x86)\microchip\mpasm suite\p16f877a.inc"; 
                      00001         LIST
                      00002 ; P16F877A.INC  Standard Header File, Version 1.00    Microchip Technology, Inc.
                      00400         LIST
                      00019 
                      00020 
                      00021 ;Bits de configuracion
Warning[205]: Found directive in column 1. (__CONFIG)
2007   3F31           00022 __CONFIG _XT_OSC & _WDT_OFF & _PWRTE_ON & _BODEN_OFF & _LVP_OFF & _CP_OFF; ALL
                      00023 
                      00024 ;------------------------------------------------------------------------------------------------------
                      00025 ;fosc = 4 Mhz.
                      00026 ;Ciclo de trabajo del PIC = (1/fosc)*4 = 1us.
                      00027 ;t int =(256-R)*(P)*((1/4000000)*4) = 1 ms ;// Tiempo de interrupción.
                      00028 ;R=131, p=8.
                      00029 ;frec int = 1/ t int = 1Khz.
                      00030 ;------------------------------------------------------------------------------------------------------
                      00031 ;
                      00032 ;Registros de proposito general Banco 0 de Memoria RAM.
                      00033 ;
                      00034 ;Registros propios de estructura del programa
                      00035 
                      00036 
  00000023            00037 CTA_UNISEG              EQU                     0X23;   //Dirección de la memoria RAM para el registro d
                            e las unidades de segundo
  00000024            00038 CTA_DECSEG              EQU                     0X24;   //Dirección de la memoria RAM para el registro d
                            e las decenas de segundo
  00000025            00039 CTA_UNIMIN              EQU                     0X25;   //Dirección de la memoria RAM para el registro d
                            e las unidades de minuto
  00000026            00040 CTA_DECMIN      EQU                     0X26;   //Dirección de la memoria RAM para el registro de las de
                            cenas de minuto
  00000027            00041 CTA_UNIHOR              EQU                     0X27;   //Dirección de la memoria RAM para el registro d
                            e las unidades de minuto
  00000028            00042 CTA_DECHOR      EQU                     0X28;   //Dirección de la memoria RAM para el registro de las de
                            cenas de minuto
MPASM  5.30.01                A VER QUE PASA.ASM   3-24-2021  1:04:40         PAGE  2


LOC  OBJECT CODE     LINE SOURCE TEXT
  VALUE

  00000029            00043 RES_W               EQU                 0X29;   //Dirección de la memoria RAM para el registro de respal
                            do de "w"
  00000030            00044 RES_STATUS              EQU                     0X30;   //Dirección de la memoria RAM para el registro d
                            e respaldo de "status"
  00000031            00045 RES_PCLATH              EQU                     0X31;   //Dirección de la memoria RAM para el registro d
                            e respaldo de "pclath"
  00000032            00046 RES_FSR                 EQU                     0X32;   //Dirección de la memoria RAM para el registro d
                            e respaldo de "fsr"
  00000033            00047 PRESC_1                 EQU                     0X33;   //Dirección de la memoria RAM para el registro d
                            el prescalador 1
  00000034            00048 PRESC_2                 EQU                     0X34;   //Dirección de la memoria RAM para el registro d
                            el prescalador 2
  00000035            00049 BANDERAS                EQU                     0X35;   //Dirección de la memoria RAM para el registro "
                            banderas"       
  00000036            00050 CONT_MILIS              EQU                     0X36;   //Dirección de la memoria RAM para el registro c
                            ontador de milisegundos
                      00051 
                      00052 
  00000037            00053 BUFFER7         EQU                     0X37;   //Dirección de la memoria RAM para el buffer 7
  00000038            00054 BUFFER6             EQU                 0X38;   //Dirección de la memoria RAM para el buffer 6
  00000039            00055 BUFFER5             EQU                 0X39;   //Dirección de la memoria RAM para el buffer 5
  00000040            00056 BUFFER4                 EQU                     0X40;   //Dirección de la memoria RAM para el buffer 4
  00000041            00057 BUFFER3                 EQU                     0X41;   //Dirección de la memoria RAM para el buffer 3
  00000042            00058 BUFFER2                 EQU                     0X42;   //Dirección de la memoria RAM para el buffer 2
  00000043            00059 BUFFER1                 EQU                     0X43;   //Dirección de la memoria RAM para el buffer 1
  00000044            00060 BUFFER0                 EQU                     0X44;   //Dirección de la memoria RAM para el buffer 0
  00000045            00061 REGS                    EQU                     0X45;
                      00062 ;-----------------------------------------------------------------------------------------------------
                      00063 ;
                      00064 ;Constantes
  00000000            00065 M                               EQU                .0;
  00000003            00066 N                               EQU                .3;
  000000DC            00067 L                               EQU                .220;
  0000001F            00068 BARRIDO         EQU        .31;
                      00069 ;Constantes de caracteres en siete segmentos.
  00000077            00070 CAR_A                   EQU B'01110111'; Caracter A en siete segmentos.
  0000007C            00071 CAR_B                   EQU B'01111100'; Caracter b en siete segmentos.
  00000039            00072 CAR_C                   EQU B'00111001'; Caracter C en siete segmentos.
  00000058            00073 CAR_CC                  EQU B'01011000'; Caracter c en siete segmentos.
  0000005E            00074 CAR_D                   EQU B'01011110'; Caracter D en siete segmentos.
  00000079            00075 CAR_E                   EQU B'01111001'; Caracter E en siete segmentos.
  00000071            00076 CAR_F                   EQU B'01110001'; Caracter F en siete segmentos.
  0000003D            00077 CAR_G                   EQU B'00111101'; Caracter G en siete segmentos.
  0000006F            00078 CAR_GG                  EQU B'01101111'; Caracter g en siete segmentos.
  00000076            00079 CAR_H                   EQU B'01110110'; Caracter H en siete segmentos.
  00000074            00080 CAR_HH                  EQU B'01110100'; Caracter h en siete segmentos.
  00000006            00081 CAR_I                   EQU B'00000110'; Caracter I en siete segmentos.
  00000004            00082 CAR_II                  EQU B'00000100'; Caracter i en siete segmentos.
  00000038            00083 CAR_L                   EQU B'00111000'; Caracter L en siete segmentos.
  0000001F            00084 CAR_J                   EQU B'00011111'; Caracter J en siete segmentos.
  00000037            00085 CAR_N                   EQU B'00110111'; Caracter N en siete segmentos.
  0000002B            00086 CAR_M                   EQU B'00101011'; Caracter M en siete segmentos.
  0000003F            00087 CAR_O                   EQU B'00111111'; Caracter O en siete segmentos.
MPASM  5.30.01                A VER QUE PASA.ASM   3-24-2021  1:04:40         PAGE  3


LOC  OBJECT CODE     LINE SOURCE TEXT
  VALUE

  0000005C            00088 CAR_OO                  EQU B'01011100'; Caracter o en siete segmentos.
  00000073            00089 CAR_P                   EQU B'01110011'; Caracter P en siete segmentos.
  00000067            00090 CAR_Q                   EQU B'01100111'; Caracter q en siete segmentos.
  00000050            00091 CAR_R                   EQU B'01010000'; Caracter R en siete segmentos.
  0000006D            00092 CAR_S                   EQU B'01101101'; Caracter S en siete segmentos.
  00000078            00093 CAR_T                   EQU B'01111000'; Caracter t en siete segmentos.
  0000003E            00094 CAR_U                   EQU B'00111110'; Caracter U en siete segmentos.
  00000006            00095 CAR_UU                  EQU B'00000110'; Caracter u en siete segmentos.
  0000006E            00096 CAR_Y                   EQU B'01101110'; Caracter y en siete segmentos.
  0000005B            00097 CAR_Z                   EQU B'01011011'; Caracter Z en siete segmentos.
  0000003F            00098 CAR_0                   EQU B'00111111'; Caracter 0 en siete segmentos.
  00000006            00099 CAR_1                   EQU B'00000110'; Caracter 1 en siete segmentos.
  0000005B            00100 CAR_2                   EQU B'01011011'; Caracter 2 en siete segmentos.
  0000004F            00101 CAR_3                   EQU B'01001111'; Caracter 3 en siete segmentos.
  00000066            00102 CAR_4                   EQU B'01100110'; Caracter 4 en siete segmentos.
  0000006D            00103 CAR_5                   EQU B'01101101'; Caracter 5 en siete segmentos.
  0000007D            00104 CAR_6                   EQU B'01111101'; Caracter 6 en siete segmentos.
  00000007            00105 CAR_7                   EQU B'00000111'; Caracter 7 en siete segmentos.
  0000007F            00106 CAR_8                   EQU B'01111111'; Caracter 8 en siete segmentos.
  00000067            00107 CAR_9                   EQU B'01100111'; Caracter 0 en siete segmentos.
  00000008            00108 CAR_                    EQU     B'00001000'; Caracter _ en siete segmentos.
  00000040            00109 CAR_GUION               EQU     B'01000000'; Caracter - en siete segmentos.
  00000000            00110 CAR_NULL                EQU B'00000000'; Caracter nulo en siete segementos. 
                      00111 
                      00112 ; banderas del registro banderas.
  00000000            00113 BAN_INT                 EQU     .0;
  00000001            00114 SIN_BD1                 EQU     .1; 
  00000002            00115 SIN_BD2                 EQU     .2; 
  00000003            00116 SIN_BD3                 EQU     .3; 
  00000004            00117 SIN_BD4                 EQU     .4; 
  00000005            00118 SIN_BD5                 EQU     .5; 
  00000006            00119 SIN_BD6                 EQU     .6; 
  00000007            00120 SIN_BD7                 EQU     .7; ;Asignacion de los bits del registro bandera
                      00121 
                      00122 ;-------------------------------------------------------------------------------------
                      00123 ;
                      00124 ;Asignacion de los bits de los puertos de I/O.
                      00125 ;Puerto A.
  00000000            00126 RS_LCD                  EQU                     .0; // Señal de control de Comando o dato en la LCD
  00000001            00127 ENABLE_LCD              EQU                     .1; // Señal de ingreso de información a la LCD
  00000002            00128 SIN_USORA2              EQU                     .2; // Sin Uso RA2.
  00000003            00129 SIN_USORA3              EQU                     .3; // Sin Uso RA3.
  00000004            00130 SIN_USORA4              EQU                     .4; // Sin Uso RA4.
  00000005            00131 SIN_USORA5              EQU                     .5; // Sin Uso RA5.
                      00132 
  0000003C            00133 PROGA                   EQU     B'111100'; // Programacion Inicial del Puerto A.
                      00134 
                      00135 ;Puerto B.
  00000000            00136 SIN_USORB0              EQU             .0; // Sin Uso RB0.
  00000001            00137 SIN_USORB1              EQU             .1; // Sin Uso RB1.
  00000002            00138 SIN_USORB2              EQU             .2; // Sin Uso RB2.
  00000003            00139 SIN_USORB3              EQU             .3; // Sin Uso RB3.
  00000004            00140 SIN_USORB4              EQU             .4; // Sin Uso RB4.
MPASM  5.30.01                A VER QUE PASA.ASM   3-24-2021  1:04:40         PAGE  4


LOC  OBJECT CODE     LINE SOURCE TEXT
  VALUE

  00000005            00141 SIN_USORB5              EQU             .5; // Sin Uso RB5.
  00000006            00142 SIN_USORB6              EQU             .6; // Sin Uso RB6.
  00000007            00143 SIN_USORB7      EQU             .7; // Sin Uso RB7.
                      00144 
  000000FF            00145 PROGB                   EQU     B'11111111'; // Programacion Inicial del Puerto B.
                      00146 
                      00147 ;Puerto C.
  00000000            00148 D0_LCD                  EQU                     .0; // Bit D0 del bus de datos de la LCD.
  00000001            00149 D1_LCD                  EQU                     .1; // Bit D1 del bus de datos de la LCD.
  00000002            00150 D2_LCD                  EQU                     .2; // Bit D2 del bus de datos de la LCD.
  00000003            00151 D3_LCD                  EQU                     .3; // Bit D3 del bus de datos de la LCD.
  00000004            00152 D4_LCD                  EQU                     .4; // Bit D4 del bus de datos de la LCD.
  00000005            00153 D5_LCD                  EQU                     .5; // Bit D5 del bus de datos de la LCD.
  00000006            00154 D6_LCD                  EQU                     .6; // Bit D6 del bus de datos de la LCD.
  00000007            00155 D7_LCD                  EQU                     .7; // Bit D7 del bus de datos de la LCD.
                      00156 
  00000000            00157 PROGC                   EQU     B'00000000'; // Programacion Inicial del Puerto C como Entrada.
                      00158 
                      00159 ;Puerto D.
  00000000            00160 SIN_USORD0              EQU                     .0; // Sin Uso RD0.
  00000001            00161 SIN_USORD1              EQU                     .1; // Sin Uso RD1.
  00000002            00162 SIN_USORD2              EQU                     .2; // Sin Uso RD2.
  00000003            00163 SIN_USORD3              EQU                     .3; // Sin Uso RD3.
  00000004            00164 SIN_USORD4              EQU                     .4; // Sin Uso RD4.
  00000005            00165 SIN_USORD5              EQU                     .5; // Sin Uso RD5.
  00000006            00166 SIN_USORD6              EQU                     .6; // Sin Uso RD6.
  00000007            00167 SIN_USORD7              EQU                     .7; // Sin Uso RD7.
                      00168 
  000000FF            00169 PROGD                   EQU     B'11111111'; // Programacion Inicial del Puerto D como entradas.
                      00170 
                      00171 ;Puerto E.
  00000000            00172 SIN_USORE0              EQU                     .0; // Sin Uso RE0.
  00000001            00173 SIN_USORE1              EQU                     .1; // Sin Uso RE1.
  00000002            00174 SIN_USORE2              EQU                     .2; // Sin Uso RE2.
                      00175 
  00000007            00176 PROGE                   EQU     B'111'; // Programacion inicial del Puerto E.
                      00177 ;-------------------------------------------------------------------------------------------------------
                            --
                      00178                                 ;================
                      00179                                 ;==Vector Reset==
                      00180                                 ;================
0000                  00181                                 ORG 0X0000;                             // dirección de inicio de la mem
                            oria donde el IDE comenzara a ensamblar
0000   018A           00182 VEC_RESET               CLRF PCLATH;                    // Limpia el registro PCLATH
0001   2851           00183                                 GOTO PROG_PRIN;                 // ve para la etiqueta prog_ini
                      00184 ;-------------------------------------------------------------------------------------------------------
                            --
                      00185                         ;=============================
                      00186                         ;== Subrutina de Interrupciones  ==
                      00187                         ;=============================
0004                  00188                  ORG 0004H;   
0004   00A9           00189 VEC_INT          MOVWF RES_W;                   //Respaldar el estado del registro w
0005   0803           00190                  MOVF STATUS,W;                 //Mover el contenido del registro status a el registro d
MPASM  5.30.01                A VER QUE PASA.ASM   3-24-2021  1:04:40         PAGE  5


LOC  OBJECT CODE     LINE SOURCE TEXT
  VALUE

                            e trabajo
0006   00B0           00191                  MOVWF RES_STATUS;              //Respaldar las banderas de la alu
0007   0183           00192                  CLRF STATUS;                   //Limpia el registro STATUS
0008   080A           00193                  MOVF PCLATH,W;                 //Mover el contenido del registro res_pclath a el regist
                            ro de trabajo
0009   00B1           00194                  MOVWF RES_PCLATH;              //Respaldar el estado del registro pclath               
000A   018A           00195                  CLRF PCLATH;                   //Limpia el registro pclath
000B   0804           00196                  MOVF FSR,W;                    //Mover el contenido del registro res_fsr a el registro 
                            de trabajo
000C   00B2           00197                  MOVWF RES_FSR;                 //Respaldar el estado del registro fsr  
                      00198                          
000D   190B           00199                  BTFSC INTCON,T0IF;             //Si el bit t0if del registro intcon es igual a 0 salta
000E   2019           00200                  CALL RUTINA_INT;               //LLamada a la subrutina de interrupciones
                      00201                         
000F   3083           00202 SAL_INT          MOVLW .131;                    //Mover la constante 131 al registro de trabajo
0010   0081           00203                  MOVWF TMR0;                    //Mover el contenido del registro de trabajo al registro
                             tmr0
0011   0832           00204                  MOVF RES_FSR,W;                //Mover el contenido del respaldo res_fsr a el registro 
                            de trabajo
0012   0084           00205                  MOVWF FSR;                             //Mover el contenido del registro de trabajo al 
                            registro far
0013   0831           00206                  MOVF RES_PCLATH,W;             //Mover el contenido del respaldo res_pclath a el regist
                            ro de trabajo
0014   008A           00207                  MOVWF PCLATH;                  //Mover el contenido del registro de trabajo al registro
                             pclath
0015   0830           00208                  MOVF RES_STATUS,W;             //Mover el contenido del respaldo res_status a el regist
                            ro de trabajo
0016   0083           00209                  MOVWF STATUS;                  //Mover el contenido del registro de trabajo al registro
                             status
0017   0829           00210                  MOVF RES_W,W;                  //Mover el contenido del respaldo res_w a el registro de
                             trabajo
                      00211                         
0018   0009           00212                  RETFIE;                                //Regresar al programa principal
                      00213 ;--------------------------------------------------------------------------------------------------
                      00214 
                      00215 
                      00216                         ;=============================
                      00217                         ;== Subrutina de Interrupciones  ==
                      00218                         ;=============================
0019   0AB6           00219 RUTINA_INT      INCF CONT_MILIS,F;              //Incrementa la variable cont milis y guarda en el mismo
                             registro
001A   0AB3           00220                 INCF PRESC_1,F;                 //Incrementa la variable presc 1 y guarda en el mismo re
                            gistro
                      00221                         
001B   3064           00222                 MOVLW .100;                             //Mover la constante 100 al registro de trabajo
001C   0633           00223                 XORWF PRESC_1,W;                //XOR entre registro presc 1 y el registro de trabajo
001D   1903           00224                 BTFSC STATUS,Z;                 //Si el bit z del registro status es igual a 0 salta
001E   2820           00225                 GOTO SIG_INT;                   //Ve para la etiqueta sig_int
001F   282A           00226                 GOTO SAL_RUTINT;                //Ve para la etiqueta sal_rutint
                      00227 
0020   01B3           00228 SIG_INT         CLRF PRESC_1;                   //Limpia el registro presc 1
0021   0AB4           00229                 INCF PRESC_2,F;                 //Incrementa la variable presc 2 y guarda en el mismo re
                            gistro
MPASM  5.30.01                A VER QUE PASA.ASM   3-24-2021  1:04:40         PAGE  6


LOC  OBJECT CODE     LINE SOURCE TEXT
  VALUE

0022   300A           00230                 MOVLW .10;                              //Mover la constante 10 al registro de trabajo
0023   0634           00231                 XORWF PRESC_2,W;                //XOR entre registro presc 2 y el registro de trabajo
0024   1D03           00232                 BTFSS STATUS,Z;                 //Si el bit z del registro status es igual a 1 salta
0025   282A           00233                 GOTO SAL_RUTINT;                //Ve para la etiqueta sal_rutint
0026   01B3           00234                 CLRF PRESC_1;                   //Limpia el registro presc 1
0027   01B4           00235                 CLRF PRESC_2;                   //Limpia el registro presc 2
                      00236                         
0028   1435           00237 SAL_RUTEXT      BSF BANDERAS,BAN_INT;   //Pon a 1 el bit ban int del registro banderas.
0029   0AC5           00238                                 INCF REGS,F;                    //Incrementa la variable presc 1 y guard
                            a en el mismo registro
                      00239                                  
002A   110B           00240 SAL_RUTINT      BCF INTCON,T0IF;                //Pon a 0 el bit ban t0if del registro intcon
002B   0008           00241                 RETURN;                                 //Regresar al programa principal
                      00242 ;-------------------------------------------------------------------------------------------------------
                            --      
                      00243 
                      00244 
                      00245                                 ;=======================
                      00246                                 ;==Subrutina de inicio==
                      00247                                 ;=======================
002C   1683           00248 PROG_INI                BSF STATUS,RP0;                 //colocate en el bco. 1 de ram
002D   3082           00249                                 MOVLW 0X82;                             // Mueve la constante 0X81 al re
                            gistro w
002E   0081           00250                                 MOVWF OPTION_REG ^0X80; // Configura el preescalador y descativa los pul
                            l-up
002F   303C           00251                                 MOVLW PROGA;                    // Mueve el contenido de w a el registro
                             proga
0030   0085           00252                                 MOVWF TRISA ^0X80;              // Mueve la constante 0X80 al registro T
                            RISA
0031   30FF           00253                                 MOVLW PROGB;                    // Mueve el contenido de w a el registro
                             progb
0032   0086           00254                                 MOVWF TRISB ^0X80;              // Mueve la constante 0X80 al registro T
                            RISB
0033   3000           00255                                 MOVLW PROGC;                    // Mueve el contenido de w a el registro
                             progc
0034   0087           00256                                 MOVWF TRISC ^0X80;              // Mueve la constante 0X80 al registro T
                            RISC
0035   30FF           00257                                 MOVLW PROGD;                    // Mueve el contenido de w a el registro
                             progd
0036   0088           00258                                 MOVWF TRISD ^0X80;              // Mueve la constante 0X80 al registro T
                            RISD
0037   3007           00259                                 MOVLW PROGE;                    // Mueve el contenido de w a el registro
                             proge
0038   0089           00260                                 MOVWF TRISE ^0X80;              // Mueve la constante 0X80 al registro T
                            RISE
0039   3006           00261                                 MOVLW 0X06;                             // Mueve la constante 0X06 al re
                            gistro w
003A   009F           00262                                 MOVWF ADCON1 ^0X80;             // Mueve la constante 0X80 al registro A
                            DCON1
003B   1283           00263                                 BCF     STATUS,RP0;                     //regresa al bco. 0 de ram
                      00264 
                      00265                         
003C   30A0           00266                 MOVLW 0XA0;                             // Habilita la iterrupcion del TMR0, Las globale
MPASM  5.30.01                A VER QUE PASA.ASM   3-24-2021  1:04:40         PAGE  7


LOC  OBJECT CODE     LINE SOURCE TEXT
  VALUE

                            s y borra las banderas de interrupción 
003D   008B           00267                 MOVWF INTCON;                   //Mover el contenido del registro de trabajo al registro
                             intcon
003E   3083           00268                 MOVLW .131;                             //Mover la constante 131 al registro de trabajo
003F   0081           00269                 MOVWF TMR0;                             //Mover el contenido del registro de trabajo al 
                            registro tmr0
                      00270 
0040   0187           00271                                 CLRF PORTC;                             //Limpia el registro portc
0041   3003           00272                                 MOVLW 0X03;                             //Inicializa el pin Enable y RS 
                            a 1 logico
0042   0085           00273                                 MOVWF PORTA;                    //Mover el contenido del registro de tra
                            bajo al registro porta
                      00274                                 
0043   01A9           00275                                 CLRF RES_W;                             //Limpia el registro res w
0044   01B0           00276                                 CLRF RES_STATUS;                //Limpia el registro res status
0045   01B1           00277                                 CLRF RES_PCLATH;                //Limpia el registro res pclath
0046   01B2           00278                                 CLRF RES_FSR;                   //Limpia el registro res fsr
0047   01B3           00279                                 CLRF PRESC_1;                   //Limpia el registro presc 1
0048   01B4           00280                                 CLRF PRESC_2;                   //Limpia el registro presc 2
0049   01B5           00281                 CLRF BANDERAS;                  //Limpia el registro banderas
004A   01A3           00282                                 CLRF CTA_UNISEG;                // Inicializa la cuenta de unidades de s
                            egundo a 0 
004B   01A4           00283                                 CLRF CTA_DECSEG;                // Inicializa la cuenta de decenas de se
                            gundo a 0 
004C   01A5           00284                                 CLRF CTA_UNIMIN;                // Inicializa la cuenta de unidades de m
                            inutos a 0 
004D   01A6           00285                                 CLRF CTA_DECMIN;                // Inicializa la cuenta de decenas de mi
                            nutos a 0 
004E   01A7           00286                                 CLRF CTA_UNIHOR;                // Inicializa la cuenta de unidades de h
                            ora a 0
004F   01A8           00287                                 CLRF CTA_DECHOR;                // Inicializa la cuenta de decenas de ho
                            ra a 0
0050   0008           00288                                 RETURN;
                      00289 ;-------------------------------------------------------------------------------------------------------
                            ---
                      00290 
                      00291                                 ;======================
                      00292                                 ;==Programa Principal==
                      00293                                 ;======================
0051   202C           00294 PROG_PRIN               CALL PROG_INI;          //Llamada a la subrutina de inicio 
                      00295 
0052   207D           00296                                 CALL INI_LCD;           //Llamada a la subrutina de lcd
                      00297 
0053                  00298 CUENTA_TIME
                      00299 
0053   0823           00300                                 MOVF CTA_UNISEG,W;      //Mover el contenido del registro cta unidades d
                            e segundo a el registro de trabajo 
0054   00C4           00301                                 MOVWF BUFFER0;          //Mover el contenido del registro de trabajo al 
                            buffer 0
                      00302 
0055   0824           00303                                 MOVF CTA_DECSEG,W;      //Mover el contenido del registro cta decenas de
                             segundo a el registro de trabajo
0056   00C3           00304                                 MOVWF BUFFER1;          //Mover el contenido del registro de trabajo al 
MPASM  5.30.01                A VER QUE PASA.ASM   3-24-2021  1:04:40         PAGE  8


LOC  OBJECT CODE     LINE SOURCE TEXT
  VALUE

                            buffer 
                      00305 
                      00306 
                      00307 
                      00308 
0057   2066           00309                                 CALL MUESTRA_TIME;      //Llamada a la subrutina de muestra mensaje 
                      00310 ;-------------------------------------------------------------------------------------------------------
                            ---
                      00311                         
                      00312 
0058   0AA3           00313                         INCF CTA_UNISEG,F;      //Incrementa la variable cta unidades de segundo y guara
                            da en el mismo registro
0059   300A           00314                         MOVLW .10;              //Mueve la contante 10 al registro de trabajo 
005A   0223           00315                         SUBWF CTA_UNISEG,W;     //Resta la variable cta unidades de segundo menos el con
                            tenido del registro de trabajo guarada en w
005B   1D03           00316                         BTFSS STATUS,Z; //Si la bandera Z esta en 1 salta, si no ejecuta la siguiente in
                            struccion 
005C   2853           00317                         GOTO CUENTA_TIME;       //Ve para la etiqueta cuenta_time
005D   01A3           00318                         CLRF CTA_UNISEG;        //Reinicia el contenido de las unidades de segundo 
                      00319 
005E   0AA4           00320                         INCF CTA_DECSEG,F;      //Incrementa la variable cta decenas de segundo y guarad
                            a en el mismo registro
005F   300A           00321                         MOVLW .10;              //Mueve la contante 6 al registro de trabajo 
0060   0224           00322                         SUBWF CTA_DECSEG,W;     //Resta la variable cta decenas de segundo menos el cont
                            enido del registro de trabajo guarda en w       
0061   1D03           00323                         BTFSS STATUS,Z; //Si la bandera Z esta en 1 salta, si no ejecuta la siguiente in
                            struccion 
0062   2853           00324                         GOTO CUENTA_TIME;       //Ve para la etiqueta cuenta_time
0063   01A3           00325                         CLRF CTA_UNISEG;        //Reinicia el contenido de las unidades de segundo 
0064   01A4           00326                         CLRF CTA_DECSEG;        //Reinicia el contenido de las decenas de segundo 
                      00327 
                      00328 
                      00329                 
                      00330 
0065   2853           00331                         GOTO CUENTA_TIME;       //Ve para la etiqueta cuenta_time
                      00332 
                      00333 ;-------------------------------------------------------------------------------------------------------
                            ---                     
                      00334 
                      00335 
                      00336                         ;================================================
                      00337                         ;==Subrutina de muestra mensajes en el display ==
                      00338                         ;================================================
                      00339 
0066                  00340 MUESTRA_TIME 
                      00341 
                      00342                                 
                      00343 
                      00344 
0066   1005           00345                         BCF PORTA,RS_LCD;       //Pone en modo comando al LCD
                      00346 
0067   3087           00347                         MOVLW 0X87;                     //Comando de apuntador en el display
0068   0087           00348                         MOVWF PORTC;            //Mover el contenido del registro de trabajo al registro
MPASM  5.30.01                A VER QUE PASA.ASM   3-24-2021  1:04:40         PAGE  9


LOC  OBJECT CODE     LINE SOURCE TEXT
  VALUE

                             portc
0069   208F           00349                         CALL PULSO_ENABLE;      //Llamada a la subrutina de Pulso Enable
006A   1405           00350                         BSF PORTA,RS_LCD;       //Pone en modo datos al LCD
006B   3030           00351                         MOVLW 0X30;                     // Cargar constante 30h
006C   0743           00352                         ADDWF BUFFER1,W;        //Sumar 30h al valor del buffer
006D   0087           00353                         MOVWF PORTC;            //Llamada a la subrutina de Pulso Enable
006E   208F           00354                         CALL PULSO_ENABLE;      //Llamada a la subrutina de Pulso Enable
                      00355 
006F   1005           00356                         BCF PORTA,RS_LCD;       //Pone en modo comando al LCD
0070   3088           00357                         MOVLW 0X88;
0071   0087           00358                         MOVWF PORTC;            //Mover el contenido del registro de trabajo al registro
                             portc
0072   208F           00359                         CALL PULSO_ENABLE;      //Llamada a la subrutina de Pulso Enable
0073   1405           00360                         BSF PORTA,RS_LCD;       //Pone en modo datos al LCD
0074   3030           00361                         MOVLW 0X30;                     // Cargar constante 30h
0075   0744           00362                         ADDWF BUFFER0,W;        //Sumar 30h al valor del buffer
0076   0087           00363                         MOVWF PORTC;            //Mover el contenido del registro de trabajo al registro
                             portc
0077   208F           00364                         CALL PULSO_ENABLE;      //Llamada a la subrutina de Pulso Enable
                      00365 
                      00366 
0078   0000           00367 ESP_INT         NOP
0079   1C35           00368                 BTFSS BANDERAS,BAN_INT; 
007A   2878           00369             GOTO ESP_INT;               //Ve para la etiqueta esp_int
                      00370 
                      00371 
007B   1035           00372             BCF BANDERAS,BAN_INT;       //Pon a 0 el bit ban_int del registro band
007C   0008           00373                 RETURN;                                 //regresa de la subrutina 
                      00374 
                      00375 ;-------------------------------------------------------------------------------------------------------
                            ---
                      00376 
                      00377         ;================================================
                      00378         ;   ==Subrutina de inicializacion en el LCD ==
                      00379         ;================================================
                      00380 
007D   1005           00381 INI_LCD         BCF PORTA,RS_LCD;               //Pone en modo comando al LCD
                      00382                         
007E   3038           00383                         MOVLW 0X38;
007F   0087           00384                         MOVWF PORTC;                    //Mover el contenido del registro de trabajo al 
                            registro portc
0080   208F           00385                         CALL PULSO_ENABLE;              //Llamada a la subrutina de Pulso Enable
0081   300C           00386                         MOVLW 0X0C; 
0082   0087           00387                         MOVWF PORTC;                    //Mover el contenido del registro de trabajo al 
                            registro portc
0083   208F           00388                         CALL PULSO_ENABLE;              //Llamada a la subrutina de Pulso Enable
0084   3001           00389                         MOVLW 0X01;                             //Borra el texto y dirige el cursor al p
                            rimer dígito
0085   0087           00390                         MOVWF PORTC;                    //Mover el contenido del registro de trabajo al 
                            registro portc
0086   208F           00391                         CALL PULSO_ENABLE;              //Llamada a la subrutina de Pulso Enable
0087   300C           00392                         MOVLW 0X0C;
0088   0087           00393                         MOVWF PORTC;                    //Mover el contenido del registro de trabajo al 
MPASM  5.30.01                A VER QUE PASA.ASM   3-24-2021  1:04:40         PAGE 10


LOC  OBJECT CODE     LINE SOURCE TEXT
  VALUE

                            registro portc
0089   208F           00394                         CALL PULSO_ENABLE;              //Llamada a la subrutina de Pulso Enable
008A   3080           00395                         MOVLW 0X80;                             //Coloca el cursor en el primer dígito
008B   0087           00396                         MOVWF PORTC;                    //Mover el contenido del registro de trabajo al 
                            registro portc
008C   208F           00397                         CALL PULSO_ENABLE;              //Llamada a la subrutina de Pulso Enable
                      00398                         
008D   1405           00399                         BSF PORTA,RS_LCD;               //Pone en modo datos al LCD
008E   0008           00400                         RETURN;                                 //regresa de la subrutina 
                      00401 
                      00402 ;-------------------------------------------------------------------------------------------------------
                            ---
                      00403 
                      00404                                 ;==============================
                      00405                                 ;       ==Subrutina Pulso Enable=
                      00406                                 ;==============================
                      00407 
008F   1085           00408 PULSO_ENABLE    BCF PORTA,ENABLE_LCD;   //Pon a 0 el bit Enable_LCD del registro porta
0090   2093           00409                                 CALL RETARDO_1MS;               //Llamada a la subrutina de retardo de 1
                            ms
0091   1485           00410                                 BSF PORTA,ENABLE_LCD;   //Pon a 1 el bit Enable_LCD del registro porta
0092   2099           00411                                 CALL RETARDO_40MS;      //Llamada a la subrutina de retardo de 40ms
                      00412 ;-------------------------------------------------------------------------------------------------------
                            ---
                      00413 
                      00414 
                      00415                                 ;==============================
                      00416                                 ;==Subrutina de retardo de 1ms=
                      00417                                 ;==============================
                      00418 
0093   01B6           00419 RETARDO_1MS     CLRF CONT_MILIS;                //Limpia el registro cont milis         
0094   3001           00420 LOOP_1MS                MOVLW .1;                               //Mueve la contante 1 al registro de tra
                            bajo 
0095   0236           00421                                 SUBWF CONT_MILIS,W;             //Resta entre el registro cont milis men
                            os el registro de trabajo
0096   1D03           00422                                 BTFSS STATUS,Z;                 //Si el bit Z del registro STATUS es igu
                            al a 1 salta
0097   2894           00423                                 GOTO LOOP_1MS;                  //Ve para la etiqueta loop_1ms
                      00424                         
0098   0008           00425                                 RETURN;                                 //regresa de la subrutina
                      00426 ;-------------------------------------------------------------------------------------------------------
                            ---
                      00427 
                      00428 
                      00429                                 ;==============================
                      00430                                 ;==Subrutina de retardo de 40ms=
                      00431                                 ;==============================
                      00432 
0099   01B6           00433 RETARDO_40MS    CLRF CONT_MILIS;                //Limpia el registro cont milis 
009A   3028           00434 LOOP_40MS               MOVLW .40;                              //Mueve la contante 40 al registro de tr
                            abajo 
009B   0236           00435                                 SUBWF CONT_MILIS,W;             //Resta entre el registro cont milis men
                            os el registro de trabajo
MPASM  5.30.01                A VER QUE PASA.ASM   3-24-2021  1:04:40         PAGE 11


LOC  OBJECT CODE     LINE SOURCE TEXT
  VALUE

009C   1D03           00436                                 BTFSS STATUS,Z;                 //Si el bit Z del registro STATUS es igu
                            al a 1 salta
009D   289A           00437                                 GOTO LOOP_40MS;                 //Ve para la etiqueta loop_40ms
                      00438                         
009E   0008           00439                                 RETURN;                                 //regresa de la subrutina
                      00440 ;-------------------------------------------------------------------------------------------------------
                            ---
                      00441  
Warning[205]: Found directive in column 1. (END)
                      00442 END
MPASM  5.30.01                A VER QUE PASA.ASM   3-24-2021  1:04:40         PAGE 12


SYMBOL TABLE
  LABEL                             VALUE 

ACKDT                             00000005
ACKEN                             00000004
ACKSTAT                           00000006
ADCON0                            0000001F
ADCON1                            0000009F
ADCS0                             00000006
ADCS1                             00000007
ADCS2                             00000006
ADDEN                             00000003
ADFM                              00000007
ADIE                              00000006
ADIF                              00000006
ADON                              00000000
ADRESH                            0000001E
ADRESL                            0000009E
BANDERAS                          00000035
BAN_INT                           00000000
BARRIDO                           0000001F
BCLIE                             00000003
BCLIF                             00000003
BF                                00000000
BRGH                              00000002
BUFFER0                           00000044
BUFFER1                           00000043
BUFFER2                           00000042
BUFFER3                           00000041
BUFFER4                           00000040
BUFFER5                           00000039
BUFFER6                           00000038
BUFFER7                           00000037
C                                 00000000
C1INV                             00000004
C1OUT                             00000006
C2INV                             00000005
C2OUT                             00000007
CAR_                              00000008
CAR_0                             0000003F
CAR_1                             00000006
CAR_2                             0000005B
CAR_3                             0000004F
CAR_4                             00000066
CAR_5                             0000006D
CAR_6                             0000007D
CAR_7                             00000007
CAR_8                             0000007F
CAR_9                             00000067
CAR_A                             00000077
CAR_B                             0000007C
CAR_C                             00000039
CAR_CC                            00000058
CAR_D                             0000005E
CAR_E                             00000079
CAR_F                             00000071
MPASM  5.30.01                A VER QUE PASA.ASM   3-24-2021  1:04:40         PAGE 13


SYMBOL TABLE
  LABEL                             VALUE 

CAR_G                             0000003D
CAR_GG                            0000006F
CAR_GUION                         00000040
CAR_H                             00000076
CAR_HH                            00000074
CAR_I                             00000006
CAR_II                            00000004
CAR_J                             0000001F
CAR_L                             00000038
CAR_M                             0000002B
CAR_N                             00000037
CAR_NULL                          00000000
CAR_O                             0000003F
CAR_OO                            0000005C
CAR_P                             00000073
CAR_Q                             00000067
CAR_R                             00000050
CAR_S                             0000006D
CAR_T                             00000078
CAR_U                             0000003E
CAR_UU                            00000006
CAR_Y                             0000006E
CAR_Z                             0000005B
CCP1CON                           00000017
CCP1IE                            00000002
CCP1IF                            00000002
CCP1M0                            00000000
CCP1M1                            00000001
CCP1M2                            00000002
CCP1M3                            00000003
CCP1X                             00000005
CCP1Y                             00000004
CCP2CON                           0000001D
CCP2IE                            00000000
CCP2IF                            00000000
CCP2M0                            00000000
CCP2M1                            00000001
CCP2M2                            00000002
CCP2M3                            00000003
CCP2X                             00000005
CCP2Y                             00000004
CCPR1H                            00000016
CCPR1L                            00000015
CCPR2H                            0000001C
CCPR2L                            0000001B
CHS0                              00000003
CHS1                              00000004
CHS2                              00000005
CIS                               00000003
CKE                               00000006
CKP                               00000004
CM0                               00000000
CM1                               00000001
MPASM  5.30.01                A VER QUE PASA.ASM   3-24-2021  1:04:40         PAGE 14


SYMBOL TABLE
  LABEL                             VALUE 

CM2                               00000002
CMCON                             0000009C
CMIE                              00000006
CMIF                              00000006
CONT_MILIS                        00000036
CREN                              00000004
CSRC                              00000007
CTA_DECHOR                        00000028
CTA_DECMIN                        00000026
CTA_DECSEG                        00000024
CTA_UNIHOR                        00000027
CTA_UNIMIN                        00000025
CTA_UNISEG                        00000023
CUENTA_TIME                       00000053
CVR0                              00000000
CVR1                              00000001
CVR2                              00000002
CVR3                              00000003
CVRCON                            0000009D
CVREN                             00000007
CVROE                             00000006
CVRR                              00000005
D                                 00000005
D0_LCD                            00000000
D1_LCD                            00000001
D2_LCD                            00000002
D3_LCD                            00000003
D4_LCD                            00000004
D5_LCD                            00000005
D6_LCD                            00000006
D7_LCD                            00000007
DATA_ADDRESS                      00000005
DC                                00000001
D_A                               00000005
EEADR                             0000010D
EEADRH                            0000010F
EECON1                            0000018C
EECON2                            0000018D
EEDATA                            0000010C
EEDATH                            0000010E
EEIE                              00000004
EEIF                              00000004
EEPGD                             00000007
ENABLE_LCD                        00000001
ESP_INT                           00000078
F                                 00000001
FERR                              00000002
FSR                               00000004
GCEN                              00000007
GIE                               00000007
GO                                00000002
GO_DONE                           00000002
I2C_DATA                          00000005
MPASM  5.30.01                A VER QUE PASA.ASM   3-24-2021  1:04:40         PAGE 15


SYMBOL TABLE
  LABEL                             VALUE 

I2C_READ                          00000002
I2C_START                         00000003
I2C_STOP                          00000004
IBF                               00000007
IBOV                              00000005
INDF                              00000000
INI_LCD                           0000007D
INTCON                            0000000B
INTE                              00000004
INTEDG                            00000006
INTF                              00000001
IRP                               00000007
L                                 000000DC
LOOP_1MS                          00000094
LOOP_40MS                         0000009A
M                                 00000000
MUESTRA_TIME                      00000066
N                                 00000003
NOT_A                             00000005
NOT_ADDRESS                       00000005
NOT_BO                            00000000
NOT_BOR                           00000000
NOT_DONE                          00000002
NOT_PD                            00000003
NOT_POR                           00000001
NOT_RBPU                          00000007
NOT_RC8                           00000006
NOT_T1SYNC                        00000002
NOT_TO                            00000004
NOT_TX8                           00000006
NOT_W                             00000002
NOT_WRITE                         00000002
OBF                               00000006
OERR                              00000001
OPTION_REG                        00000081
P                                 00000004
PCFG0                             00000000
PCFG1                             00000001
PCFG2                             00000002
PCFG3                             00000003
PCL                               00000002
PCLATH                            0000000A
PCON                              0000008E
PEIE                              00000006
PEN                               00000002
PIE1                              0000008C
PIE2                              0000008D
PIR1                              0000000C
PIR2                              0000000D
PORTA                             00000005
PORTB                             00000006
PORTC                             00000007
PORTD                             00000008
MPASM  5.30.01                A VER QUE PASA.ASM   3-24-2021  1:04:40         PAGE 16


SYMBOL TABLE
  LABEL                             VALUE 

PORTE                             00000009
PR2                               00000092
PRESC_1                           00000033
PRESC_2                           00000034
PROGA                             0000003C
PROGB                             000000FF
PROGC                             00000000
PROGD                             000000FF
PROGE                             00000007
PROG_INI                          0000002C
PROG_PRIN                         00000051
PS0                               00000000
PS1                               00000001
PS2                               00000002
PSA                               00000003
PSPIE                             00000007
PSPIF                             00000007
PSPMODE                           00000004
PULSO_ENABLE                      0000008F
R                                 00000002
RBIE                              00000003
RBIF                              00000000
RC8_9                             00000006
RC9                               00000006
RCD8                              00000000
RCEN                              00000003
RCIE                              00000005
RCIF                              00000005
RCREG                             0000001A
RCSTA                             00000018
RD                                00000000
READ_WRITE                        00000002
REGS                              00000045
RES_FSR                           00000032
RES_PCLATH                        00000031
RES_STATUS                        00000030
RES_W                             00000029
RETARDO_1MS                       00000093
RETARDO_40MS                      00000099
RP0                               00000005
RP1                               00000006
RSEN                              00000001
RS_LCD                            00000000
RUTINA_INT                        00000019
RX9                               00000006
RX9D                              00000000
R_W                               00000002
S                                 00000003
SAL_INT                           0000000F
SAL_RUTEXT                        00000028
SAL_RUTINT                        0000002A
SEN                               00000000
SIG_INT                           00000020
MPASM  5.30.01                A VER QUE PASA.ASM   3-24-2021  1:04:40         PAGE 17


SYMBOL TABLE
  LABEL                             VALUE 

SIN_BD1                           00000001
SIN_BD2                           00000002
SIN_BD3                           00000003
SIN_BD4                           00000004
SIN_BD5                           00000005
SIN_BD6                           00000006
SIN_BD7                           00000007
SIN_USORA2                        00000002
SIN_USORA3                        00000003
SIN_USORA4                        00000004
SIN_USORA5                        00000005
SIN_USORB0                        00000000
SIN_USORB1                        00000001
SIN_USORB2                        00000002
SIN_USORB3                        00000003
SIN_USORB4                        00000004
SIN_USORB5                        00000005
SIN_USORB6                        00000006
SIN_USORB7                        00000007
SIN_USORD0                        00000000
SIN_USORD1                        00000001
SIN_USORD2                        00000002
SIN_USORD3                        00000003
SIN_USORD4                        00000004
SIN_USORD5                        00000005
SIN_USORD6                        00000006
SIN_USORD7                        00000007
SIN_USORE0                        00000000
SIN_USORE1                        00000001
SIN_USORE2                        00000002
SMP                               00000007
SPBRG                             00000099
SPEN                              00000007
SREN                              00000005
SSPADD                            00000093
SSPBUF                            00000013
SSPCON                            00000014
SSPCON2                           00000091
SSPEN                             00000005
SSPIE                             00000003
SSPIF                             00000003
SSPM0                             00000000
SSPM1                             00000001
SSPM2                             00000002
SSPM3                             00000003
SSPOV                             00000006
SSPSTAT                           00000094
STATUS                            00000003
SYNC                              00000004
T0CS                              00000005
T0IE                              00000005
T0IF                              00000002
T0SE                              00000004
MPASM  5.30.01                A VER QUE PASA.ASM   3-24-2021  1:04:40         PAGE 18


SYMBOL TABLE
  LABEL                             VALUE 

T1CKPS0                           00000004
T1CKPS1                           00000005
T1CON                             00000010
T1INSYNC                          00000002
T1OSCEN                           00000003
T1SYNC                            00000002
T2CKPS0                           00000000
T2CKPS1                           00000001
T2CON                             00000012
TMR0                              00000001
TMR0IE                            00000005
TMR0IF                            00000002
TMR1CS                            00000001
TMR1H                             0000000F
TMR1IE                            00000000
TMR1IF                            00000000
TMR1L                             0000000E
TMR1ON                            00000000
TMR2                              00000011
TMR2IE                            00000001
TMR2IF                            00000001
TMR2ON                            00000002
TOUTPS0                           00000003
TOUTPS1                           00000004
TOUTPS2                           00000005
TOUTPS3                           00000006
TRISA                             00000085
TRISB                             00000086
TRISC                             00000087
TRISD                             00000088
TRISE                             00000089
TRISE0                            00000000
TRISE1                            00000001
TRISE2                            00000002
TRMT                              00000001
TX8_9                             00000006
TX9                               00000006
TX9D                              00000000
TXD8                              00000000
TXEN                              00000005
TXIE                              00000004
TXIF                              00000004
TXREG                             00000019
TXSTA                             00000098
UA                                00000001
VEC_INT                           00000004
VEC_RESET                         00000000
W                                 00000000
WCOL                              00000007
WR                                00000001
WREN                              00000002
WRERR                             00000003
Z                                 00000002
MPASM  5.30.01                A VER QUE PASA.ASM   3-24-2021  1:04:40         PAGE 19


SYMBOL TABLE
  LABEL                             VALUE 

_BODEN_OFF                        00003FBF
_BODEN_ON                         00003FFF
_CPD_OFF                          00003FFF
_CPD_ON                           00003EFF
_CP_ALL                           00001FFF
_CP_OFF                           00003FFF
_DEBUG_OFF                        00003FFF
_DEBUG_ON                         000037FF
_HS_OSC                           00003FFE
_LP_OSC                           00003FFC
_LVP_OFF                          00003F7F
_LVP_ON                           00003FFF
_PWRTE_OFF                        00003FFF
_PWRTE_ON                         00003FF7
_RC_OSC                           00003FFF
_WDT_OFF                          00003FFB
_WDT_ON                           00003FFF
_WRT_1FOURTH                      00003BFF
_WRT_256                          00003DFF
_WRT_HALF                         000039FF
_WRT_OFF                          00003FFF
_XT_OSC                           00003FFD
__16F877A                         00000001
__DEBUG                           1


MEMORY USAGE MAP ('X' = Used,  '-' = Unused)

0000 : XX--XXXXXXXXXXXX XXXXXXXXXXXXXXXX XXXXXXXXXXXXXXXX XXXXXXXXXXXXXXXX
0040 : XXXXXXXXXXXXXXXX XXXXXXXXXXXXXXXX XXXXXXXXXXXXXXXX XXXXXXXXXXXXXXXX
0080 : XXXXXXXXXXXXXXXX XXXXXXXXXXXXXXX- ---------------- ----------------
2000 : -------X-------- ---------------- ---------------- ----------------

All other memory blocks unused.

Program Memory Words Used:   157
Program Memory Words Free:  8035


Errors   :     0
Warnings :     3 reported,     0 suppressed
Messages :     0 reported,     0 suppressed

