MPASM  5.30.01  EXAMEN DE MICROS PRIMER PARCIAL.   3-24-2021  12:28:36         PAGE  1


LOC  OBJECT CODE     LINE SOURCE TEXT
  VALUE

                      00001 ;INSTITUTO POLITECNICO NACIONAL
                      00002 ;CECYT 9 JUAN DE DIOS BATIZ
                      00003 ;
                      00004 ;EXAMEN 1.
                      00005 ;
                      00006 ;GRUPO:6IM2
                      00007 ;
                      00008 ;INTEGRANTE
                      00009 ;Morales Martínez José Antonio
                      00010 ;
                      00011 ;El programa controlara 2 leds uno a 4hz y otro a 8hz
                      00012 ;
                      00013 ;--------------------------------------------------------------------------------------------------
                      00014   LIST    P=16F877A; 
                      00015   #INCLUDE "c:\Program files (x86)\Microchip\Mpasm Suite\p16f877a.inc";
                      00001         LIST
                      00002 ; P16F877A.INC  Standard Header File, Version 1.00    Microchip Technology, Inc.
                      00400         LIST
                      00016                                                          
2007   3F39           00017  __CONFIG _CP_OFF & _WDT_OFF & _BODEN_OFF & _PWRTE_OFF & _XT_OSC & _WRT_OFF & _LVP_OFF & _CPD_OFF;
                      00018 ;--------------------------------------------------------------------------------------------------
                      00019 ;
                      00020 ; Fosc = 4 MHz.
                      00021 ; Ciclo de trabajo del PIC = (1/fosc)*4 = 1 µs.
                      00022 ; T int =(256-tmr0)*(P)*((1/4000000)*4) = 1 ms.    // Tiempo de interrupción.
                      00023 ; tmr0=131,  P=8.
                      00024 ; frec int = 1/ t int = 1 KHz.
                      00025 ;----------------------------------------------------------------------------------------------------
                      00026 ;
                      00027 ;Def. de variables del programa en RAM.
  00000029            00028 RES_W               EQU                 0X29;   //Dirección de la memoria RAM para el registro de respal
                            do de "w"
  00000030            00029 RES_STATUS              EQU                     0X30;   //Dirección de la memoria RAM para el registro d
                            e respaldo de "status"
  00000031            00030 RES_PCLATH              EQU                     0X31;   //Dirección de la memoria RAM para el registro d
                            e respaldo de "pclath"
  00000032            00031 RES_FSR                 EQU                     0X32;   //Dirección de la memoria RAM para el registro d
                            e respaldo de "fsr"
  00000033            00032 PRESC_1                 EQU                     0X33;   //Dirección de la memoria RAM para el registro d
                            el prescalador 1
  00000034            00033 PRESC_2                 EQU                     0X34;   //Dirección de la memoria RAM para el registro d
                            el prescalador 2
  00000035            00034 BANDERAS                EQU                     0X35;   //Dirección de la memoria RAM para el registro "
                            banderas"       
  00000036            00035 CONT_MILIS              EQU                     0X36;   //Dirección de la memoria RAM para el registro c
                            ontador de milisegundos
  00000037            00036 OSC_DIODO1              EQU             0X37;
                      00037 
                      00038 
                      00039 ;---------------------------------------------------------------------------------------------------
                      00040 ; Def. de constantes a utilizar.
                      00041 ; Cod. de caracteres alfanuméricos en 7 segmentos.
  00000077            00042 CAR_A                   EQU   B'01110111';
MPASM  5.30.01  EXAMEN DE MICROS PRIMER PARCIAL.   3-24-2021  12:28:36         PAGE  2


LOC  OBJECT CODE     LINE SOURCE TEXT
  VALUE

  000000C7            00043 CAR_B                   EQU   0XC7;
  0000003F            00044 CAR_0                   EQU   0X3F;
  00000006            00045 CAR_1                   EQU   0X06;
                      00046 ; banderas del registro banderas.
  00000000            00047 BAN_INT                 EQU     .0;
  00000001            00048 SIN_BD1                 EQU     .1; 
  00000002            00049 SIN_BD2                 EQU     .2; 
  00000003            00050 SIN_BD3                 EQU     .3; 
  00000004            00051 SIN_BD4                 EQU     .4; 
  00000005            00052 SIN_BD5                 EQU     .5; 
  00000006            00053 SIN_BD6                 EQU     .6; 
  00000007            00054 SIN_BD7                 EQU     .7; 
                      00055 ;---------------------------------------------------------------------------------------------------
                      00056 ;
                      00057 ;Asignacion de los bits de los puertos de I/O.
                      00058 ;Puerto A.
  00000000            00059 SIN_USORA0              EQU                     .0; // Señal de control de Comando o dato en la LCD
  00000001            00060 SIN_USORA1              EQU                     .1; // Señal de ingreso de información a la LCD
  00000002            00061 SIN_USORA2              EQU                     .2; // Sin Uso RA2.
  00000003            00062 DIODO2                  EQU                     .3; // Sin Uso RA3.
  00000004            00063 DIODO1                  EQU                     .4; // Sin Uso RA4.
  00000005            00064 SIN_USORA5              EQU                     .5; // Sin Uso RA5.
                      00065 
  00000027            00066 PROGA                   EQU     B'100111'; // Programacion Inicial del Puerto A.
                      00067 
                      00068 ;Puerto B.
  00000000            00069 SIN_USORB0              EQU             .0; // Sin Uso RB0.
  00000001            00070 SIN_USORB1              EQU             .1; // Sin Uso RB1.
  00000002            00071 SIN_USORB2              EQU             .2; // Sin Uso RB2.
  00000003            00072 SIN_USORB3              EQU             .3; // Sin Uso RB3.
  00000004            00073 SIN_USORB4              EQU             .4; // Sin Uso RB4.
  00000005            00074 SIN_USORB5              EQU             .5; // Sin Uso RB5.
  00000006            00075 SIN_USORB6              EQU             .6; // Sin Uso RB6.
  00000007            00076 SIN_USORB7      EQU             .7; // Sin Uso RB7.
                      00077 
  000000FF            00078 PROGB                   EQU     B'11111111'; // Programacion Inicial del Puerto B.
                      00079 
                      00080 ;Puerto C.
  00000000            00081 D0_LCD                  EQU                     .0; // Sin Uso RC0.
  00000001            00082 D1_LCD                  EQU                     .1; // Sin Uso RC1.
  00000002            00083 D2_LCD                  EQU                     .2; // Sin Uso RC2
  00000003            00084 D3_LCD                  EQU                     .3; // Sin Uso RC3
  00000004            00085 D4_LCD                  EQU                     .4; // Sin Uso RC4.
  00000005            00086 D5_LCD                  EQU                     .5; // Sin Uso RC5.
  00000006            00087 D6_LCD                  EQU                     .6; // Sin Uso RC6.
  00000007            00088 D7_LCD                  EQU                     .7; // Sin Uso RC7.
                      00089 
  000000FF            00090 PROGC                   EQU     B'11111111'; // Programacion Inicial del Puerto C como Entrada.
                      00091 
                      00092 ;Puerto D.
  00000000            00093 SIN_USORD0              EQU                     .0; // Sin Uso RD0.
  00000001            00094 SIN_USORD1              EQU                     .1; // Sin Uso RD1.
  00000002            00095 SIN_USORD2              EQU                     .2; // Sin Uso RD2.
MPASM  5.30.01  EXAMEN DE MICROS PRIMER PARCIAL.   3-24-2021  12:28:36         PAGE  3


LOC  OBJECT CODE     LINE SOURCE TEXT
  VALUE

  00000003            00096 SIN_USORD3              EQU                     .3; // Sin Uso RD3.
  00000004            00097 SIN_USORD4              EQU                     .4; // Sin Uso RD4.
  00000005            00098 SIN_USORD5              EQU                     .5; // Sin Uso RD5.
  00000006            00099 SIN_USORD6              EQU                     .6; // Sin Uso RD6.
  00000007            00100 SIN_USORD7              EQU                     .7; // Sin Uso RD7.
                      00101 
  000000FF            00102 PROGD                   EQU     B'11111111'; // Programacion Inicial del Puerto D como entradas.
                      00103 
                      00104 ;Puerto E.
  00000000            00105 SIN_USORE0              EQU                     .0; // Sin Uso RE0.
  00000001            00106 SIN_USORE1              EQU                     .1; // Sin Uso RE1.
  00000002            00107 SIN_USORE2              EQU                     .2; // Sin Uso RE2.
                      00108 
  00000007            00109 PROGE                   EQU     B'111'; // Programacion inicial del Puerto E.
                      00110 ;-------------------------------------------------------------------------------------------------------
                            --
                      00111                                 ;================
                      00112                                 ;==Vector Reset==
                      00113                                 ;================
0000                  00114                                 ORG 0X0000;                             // dirección de inicio de la mem
                            oria donde el IDE comenzara a ensamblar
0000   018A           00115 VEC_RESET               CLRF PCLATH;                    // Limpia el registro PCLATH
0001   2844           00116                                 GOTO PROG_PRIN;                 // ve para la etiqueta prog_ini
                      00117 ;-------------------------------------------------------------------------------------------------------
                            --
                      00118                         ;=============================
                      00119                         ;== Subrutina de Interrupciones  ==
                      00120                         ;=============================
0004                  00121                  ORG 0004H;   
0004   00A9           00122 VEC_INT          MOVWF RES_W;                   //Respaldar el estado del registro w
0005   0803           00123                  MOVF STATUS,W;                 //Mover el contenido del registro status a el registro d
                            e trabajo
0006   00B0           00124                  MOVWF RES_STATUS;              //Respaldar las banderas de la alu
0007   0183           00125                  CLRF STATUS;                   //Limpia el registro STATUS
0008   080A           00126                  MOVF PCLATH,W;                 //Mover el contenido del registro res_pclath a el regist
                            ro de trabajo
0009   00B1           00127                  MOVWF RES_PCLATH;              //Respaldar el estado del registro pclath               
000A   018A           00128                  CLRF PCLATH;                   //Limpia el registro pclath
000B   0804           00129                  MOVF FSR,W;                    //Mover el contenido del registro res_fsr a el registro 
                            de trabajo
000C   00B2           00130                  MOVWF RES_FSR;                 //Respaldar el estado del registro fsr  
                      00131                          
000D   190B           00132                  BTFSC INTCON,T0IF;             //Si el bit t0if del registro intcon es igual a 0 salta
000E   2019           00133                  CALL RUTINA_INT;               //LLamada a la subrutina de interrupciones
                      00134                         
000F   303E           00135 SAL_INT          MOVLW .62;                     //Mover la constante 131 al registro de trabajo
0010   0081           00136                  MOVWF TMR0;                    //Mover el contenido del registro de trabajo al registro
                             tmr0
0011   0832           00137                  MOVF RES_FSR,W;                //Mover el contenido del respaldo res_fsr a el registro 
                            de trabajo
0012   0084           00138                  MOVWF FSR;                             //Mover el contenido del registro de trabajo al 
                            registro far
0013   0831           00139                  MOVF RES_PCLATH,W;             //Mover el contenido del respaldo res_pclath a el regist
MPASM  5.30.01  EXAMEN DE MICROS PRIMER PARCIAL.   3-24-2021  12:28:36         PAGE  4


LOC  OBJECT CODE     LINE SOURCE TEXT
  VALUE

                            ro de trabajo
0014   008A           00140                  MOVWF PCLATH;                  //Mover el contenido del registro de trabajo al registro
                             pclath
0015   0830           00141                  MOVF RES_STATUS,W;             //Mover el contenido del respaldo res_status a el regist
                            ro de trabajo
0016   0083           00142                  MOVWF STATUS;                  //Mover el contenido del registro de trabajo al registro
                             status
0017   0829           00143                  MOVF RES_W,W;                  //Mover el contenido del respaldo res_w a el registro de
                             trabajo
                      00144                         
0018   0009           00145                  RETFIE;                                //Regresar al programa principal
                      00146 ;--------------------------------------------------------------------------------------------------
                      00147 
                      00148 
                      00149                         ;=============================
                      00150                         ;== Subrutina de Interrupciones  ==
                      00151                         ;=============================
0019   0AB6           00152 RUTINA_INT      INCF CONT_MILIS,F;              //Incrementa la variable cont milis y guarda en el mismo
                             registro
001A   0AB3           00153                 INCF PRESC_1,F;                 //Incrementa la variable presc 1 y guarda en el mismo re
                            gistro
                      00154                         
001B   307D           00155                  MOVLW .125;
001C   0633           00156                  XORWF PRESC_1,W;
001D   1903           00157                   BTFSC STATUS,Z;
001E   2820           00158                  GOTO SIG_INT;
001F   282B           00159                    GOTO SAL_RUTINT;
                      00160 
0020   01B3           00161 SIG_INT            CLRF PRESC_1;
0021   0AB4           00162                         INCF PRESC_2,F;
0022   3001           00163                         MOVLW .1;
0023   0634           00164                         XORWF PRESC_2,W;
0024   1D03           00165                         BTFSS STATUS,Z;
0025   282B           00166                         GOTO SAL_RUTINT;
0026   01B3           00167                         CLRF PRESC_1;
0027   01B4           00168                         CLRF PRESC_2;
                      00169                         
0028   1435           00170 SAL_RUTEXT      BSF BANDERAS,BAN_INT;
                      00171                                  
0029   110B           00172                       BCF INTCON,T0IF;t
                      00173                         
002A   1435           00174                         BSF BANDERAS,BAN_INT;   //Pon a 1 el bit ban int del registro banderas
                      00175                                  
002B   110B           00176 SAL_RUTINT      BCF INTCON,T0IF;                //Pon a 0 el bit ban t0if del registro intcon
002C   0008           00177                 RETURN;                                 //Regresar al programa principal
                      00178 ;-------------------------------------------------------------------------------------------------------
                            --      
                      00179 
                      00180 
                      00181                                 ;=======================
                      00182                                 ;==Subrutina de inicio==
                      00183                                 ;=======================
002D   1683           00184 PROG_INI                BSF STATUS,RP0;                 //colocate en el bco. 1 de ram
MPASM  5.30.01  EXAMEN DE MICROS PRIMER PARCIAL.   3-24-2021  12:28:36         PAGE  5


LOC  OBJECT CODE     LINE SOURCE TEXT
  VALUE

002E   3082           00185                                 MOVLW 0X82;                             // Mueve la constante 0X81 al re
                            gistro w
002F   0081           00186                                 MOVWF OPTION_REG ^0X80; // Configura el preescalador y descativa los pul
                            l-up
0030   3027           00187                                 MOVLW PROGA;                    // Mueve el contenido de w a el registro
                             proga
0031   0085           00188                                 MOVWF TRISA ^0X80;              // Mueve la constante 0X80 al registro T
                            RISA
0032   30FF           00189                                 MOVLW PROGB;                    // Mueve el contenido de w a el registro
                             progb
0033   0086           00190                                 MOVWF TRISB ^0X80;              // Mueve la constante 0X80 al registro T
                            RISB
0034   30FF           00191                                 MOVLW PROGC;                    // Mueve el contenido de w a el registro
                             progc
0035   0087           00192                                 MOVWF TRISC ^0X80;              // Mueve la constante 0X80 al registro T
                            RISC
0036   30FF           00193                                 MOVLW PROGD;                    // Mueve el contenido de w a el registro
                             progd
0037   0088           00194                                 MOVWF TRISD ^0X80;              // Mueve la constante 0X80 al registro T
                            RISD
0038   3007           00195                                 MOVLW PROGE;                    // Mueve el contenido de w a el registro
                             proge
0039   0089           00196                                 MOVWF TRISE ^0X80;              // Mueve la constante 0X80 al registro T
                            RISE
003A   3006           00197                                 MOVLW 0X06;                             // Mueve la constante 0X06 al re
                            gistro w
003B   009F           00198                                 MOVWF ADCON1 ^0X80;             // Mueve la constante 0X80 al registro A
                            DCON1
003C   1283           00199                                 BCF     STATUS,RP0;                     //regresa al bco. 0 de ram
                      00200                
003D   30A0           00201                             MOVLW 0XA0;
003E   008B           00202                 MOVWF INTCON;
                      00203 
003F   3083           00204                 MOVLW .131;
0040   0081           00205                 MOVWF TMR0;
                      00206 
0041   01B5           00207                 CLRF BANDERAS; 
0042   0185           00208                                 CLRF PORTA; 
0043   0008           00209                        RETURN;
                      00210 ;--------------------------------------------------------------------------------------------------
                      00211 
                      00212                         ;=====================
                      00213                         ;== Programa principal  ==
                      00214                         ;=====================
0044   202D           00215 PROG_PRIN                 CALL PROG_INI;
0045   2053           00216 LOOP_PRIN                        CALL ESP_INT;
                      00217 
0046   1E05           00218                         BTFSS PORTA,DIODO1;
0047   284B           00219                         GOTO SEC_LED;
0048   1205           00220                         BCF PORTA,DIODO1; Prende el led.
0049   284D           00221                                                 GOTO PRENDE2;
004A   2845           00222                         GOTO LOOP_PRIN;
004B   1605           00223 SEC_LED                         BSF PORTA,DIODO1; Apaga el led.
MPASM  5.30.01  EXAMEN DE MICROS PRIMER PARCIAL.   3-24-2021  12:28:36         PAGE  6


LOC  OBJECT CODE     LINE SOURCE TEXT
  VALUE

004C   2845           00224                         GOTO LOOP_PRIN;
                      00225 
004D   1D85           00226 PRENDE2                         BTFSS PORTA,DIODO2;
004E   2851           00227                         GOTO SEC_LED2;
004F   1185           00228                         BCF PORTA,DIODO2; Prende el led.
0050   2845           00229                         GOTO LOOP_PRIN;
0051   1585           00230 SEC_LED2                        BSF PORTA,DIODO2; Apaga el led.
0052   2845           00231                         GOTO LOOP_PRIN;
                      00232 
                      00233                                                 
                      00234                         
                      00235 ;-------------------------------------------------------------------------------------------------- 
                      00236 
                      00237                         ;=========================================
                      00238                         ;== Subrutina de espera de int. de 125 ms  ==
                      00239                         ;=========================================
0053   0000           00240 ESP_INT                         NOP;
0054   1C35           00241                         BTFSS BANDERAS,BAN_INT; 
0055   2853           00242                         GOTO ESP_INT;
0056   1035           00243                         BCF BANDERAS,BAN_INT;
                      00244 
0057   0008           00245                         RETURN;
                      00246 ;--------------------------------------------------------------------------------------------------
                      00247 
Warning[205]: Found directive in column 1. (END)
                      00248 END
MPASM  5.30.01  EXAMEN DE MICROS PRIMER PARCIAL.   3-24-2021  12:28:36         PAGE  7


SYMBOL TABLE
  LABEL                             VALUE 

ACKDT                             00000005
ACKEN                             00000004
ACKSTAT                           00000006
ADCON0                            0000001F
ADCON1                            0000009F
ADCS0                             00000006
ADCS1                             00000007
ADCS2                             00000006
ADDEN                             00000003
ADFM                              00000007
ADIE                              00000006
ADIF                              00000006
ADON                              00000000
ADRESH                            0000001E
ADRESL                            0000009E
BANDERAS                          00000035
BAN_INT                           00000000
BCLIE                             00000003
BCLIF                             00000003
BF                                00000000
BRGH                              00000002
C                                 00000000
C1INV                             00000004
C1OUT                             00000006
C2INV                             00000005
C2OUT                             00000007
CAR_0                             0000003F
CAR_1                             00000006
CAR_A                             00000077
CAR_B                             000000C7
CCP1CON                           00000017
CCP1IE                            00000002
CCP1IF                            00000002
CCP1M0                            00000000
CCP1M1                            00000001
CCP1M2                            00000002
CCP1M3                            00000003
CCP1X                             00000005
CCP1Y                             00000004
CCP2CON                           0000001D
CCP2IE                            00000000
CCP2IF                            00000000
CCP2M0                            00000000
CCP2M1                            00000001
CCP2M2                            00000002
CCP2M3                            00000003
CCP2X                             00000005
CCP2Y                             00000004
CCPR1H                            00000016
CCPR1L                            00000015
CCPR2H                            0000001C
CCPR2L                            0000001B
CHS0                              00000003
MPASM  5.30.01  EXAMEN DE MICROS PRIMER PARCIAL.   3-24-2021  12:28:36         PAGE  8


SYMBOL TABLE
  LABEL                             VALUE 

CHS1                              00000004
CHS2                              00000005
CIS                               00000003
CKE                               00000006
CKP                               00000004
CM0                               00000000
CM1                               00000001
CM2                               00000002
CMCON                             0000009C
CMIE                              00000006
CMIF                              00000006
CONT_MILIS                        00000036
CREN                              00000004
CSRC                              00000007
CVR0                              00000000
CVR1                              00000001
CVR2                              00000002
CVR3                              00000003
CVRCON                            0000009D
CVREN                             00000007
CVROE                             00000006
CVRR                              00000005
D                                 00000005
D0_LCD                            00000000
D1_LCD                            00000001
D2_LCD                            00000002
D3_LCD                            00000003
D4_LCD                            00000004
D5_LCD                            00000005
D6_LCD                            00000006
D7_LCD                            00000007
DATA_ADDRESS                      00000005
DC                                00000001
DIODO1                            00000004
DIODO2                            00000003
D_A                               00000005
EEADR                             0000010D
EEADRH                            0000010F
EECON1                            0000018C
EECON2                            0000018D
EEDATA                            0000010C
EEDATH                            0000010E
EEIE                              00000004
EEIF                              00000004
EEPGD                             00000007
ESP_INT                           00000053
F                                 00000001
FERR                              00000002
FSR                               00000004
GCEN                              00000007
GIE                               00000007
GO                                00000002
GO_DONE                           00000002
MPASM  5.30.01  EXAMEN DE MICROS PRIMER PARCIAL.   3-24-2021  12:28:36         PAGE  9


SYMBOL TABLE
  LABEL                             VALUE 

I2C_DATA                          00000005
I2C_READ                          00000002
I2C_START                         00000003
I2C_STOP                          00000004
IBF                               00000007
IBOV                              00000005
INDF                              00000000
INTCON                            0000000B
INTE                              00000004
INTEDG                            00000006
INTF                              00000001
IRP                               00000007
LOOP_PRIN                         00000045
NOT_A                             00000005
NOT_ADDRESS                       00000005
NOT_BO                            00000000
NOT_BOR                           00000000
NOT_DONE                          00000002
NOT_PD                            00000003
NOT_POR                           00000001
NOT_RBPU                          00000007
NOT_RC8                           00000006
NOT_T1SYNC                        00000002
NOT_TO                            00000004
NOT_TX8                           00000006
NOT_W                             00000002
NOT_WRITE                         00000002
OBF                               00000006
OERR                              00000001
OPTION_REG                        00000081
OSC_DIODO1                        00000037
P                                 00000004
PCFG0                             00000000
PCFG1                             00000001
PCFG2                             00000002
PCFG3                             00000003
PCL                               00000002
PCLATH                            0000000A
PCON                              0000008E
PEIE                              00000006
PEN                               00000002
PIE1                              0000008C
PIE2                              0000008D
PIR1                              0000000C
PIR2                              0000000D
PORTA                             00000005
PORTB                             00000006
PORTC                             00000007
PORTD                             00000008
PORTE                             00000009
PR2                               00000092
PRENDE2                           0000004D
PRESC_1                           00000033
MPASM  5.30.01  EXAMEN DE MICROS PRIMER PARCIAL.   3-24-2021  12:28:36         PAGE 10


SYMBOL TABLE
  LABEL                             VALUE 

PRESC_2                           00000034
PROGA                             00000027
PROGB                             000000FF
PROGC                             000000FF
PROGD                             000000FF
PROGE                             00000007
PROG_INI                          0000002D
PROG_PRIN                         00000044
PS0                               00000000
PS1                               00000001
PS2                               00000002
PSA                               00000003
PSPIE                             00000007
PSPIF                             00000007
PSPMODE                           00000004
R                                 00000002
RBIE                              00000003
RBIF                              00000000
RC8_9                             00000006
RC9                               00000006
RCD8                              00000000
RCEN                              00000003
RCIE                              00000005
RCIF                              00000005
RCREG                             0000001A
RCSTA                             00000018
RD                                00000000
READ_WRITE                        00000002
RES_FSR                           00000032
RES_PCLATH                        00000031
RES_STATUS                        00000030
RES_W                             00000029
RP0                               00000005
RP1                               00000006
RSEN                              00000001
RUTINA_INT                        00000019
RX9                               00000006
RX9D                              00000000
R_W                               00000002
S                                 00000003
SAL_INT                           0000000F
SAL_RUTEXT                        00000028
SAL_RUTINT                        0000002B
SEC_LED                           0000004B
SEC_LED2                          00000051
SEN                               00000000
SIG_INT                           00000020
SIN_BD1                           00000001
SIN_BD2                           00000002
SIN_BD3                           00000003
SIN_BD4                           00000004
SIN_BD5                           00000005
SIN_BD6                           00000006
MPASM  5.30.01  EXAMEN DE MICROS PRIMER PARCIAL.   3-24-2021  12:28:36         PAGE 11


SYMBOL TABLE
  LABEL                             VALUE 

SIN_BD7                           00000007
SIN_USORA0                        00000000
SIN_USORA1                        00000001
SIN_USORA2                        00000002
SIN_USORA5                        00000005
SIN_USORB0                        00000000
SIN_USORB1                        00000001
SIN_USORB2                        00000002
SIN_USORB3                        00000003
SIN_USORB4                        00000004
SIN_USORB5                        00000005
SIN_USORB6                        00000006
SIN_USORB7                        00000007
SIN_USORD0                        00000000
SIN_USORD1                        00000001
SIN_USORD2                        00000002
SIN_USORD3                        00000003
SIN_USORD4                        00000004
SIN_USORD5                        00000005
SIN_USORD6                        00000006
SIN_USORD7                        00000007
SIN_USORE0                        00000000
SIN_USORE1                        00000001
SIN_USORE2                        00000002
SMP                               00000007
SPBRG                             00000099
SPEN                              00000007
SREN                              00000005
SSPADD                            00000093
SSPBUF                            00000013
SSPCON                            00000014
SSPCON2                           00000091
SSPEN                             00000005
SSPIE                             00000003
SSPIF                             00000003
SSPM0                             00000000
SSPM1                             00000001
SSPM2                             00000002
SSPM3                             00000003
SSPOV                             00000006
SSPSTAT                           00000094
STATUS                            00000003
SYNC                              00000004
T0CS                              00000005
T0IE                              00000005
T0IF                              00000002
T0SE                              00000004
T1CKPS0                           00000004
T1CKPS1                           00000005
T1CON                             00000010
T1INSYNC                          00000002
T1OSCEN                           00000003
T1SYNC                            00000002
MPASM  5.30.01  EXAMEN DE MICROS PRIMER PARCIAL.   3-24-2021  12:28:36         PAGE 12


SYMBOL TABLE
  LABEL                             VALUE 

T2CKPS0                           00000000
T2CKPS1                           00000001
T2CON                             00000012
TMR0                              00000001
TMR0IE                            00000005
TMR0IF                            00000002
TMR1CS                            00000001
TMR1H                             0000000F
TMR1IE                            00000000
TMR1IF                            00000000
TMR1L                             0000000E
TMR1ON                            00000000
TMR2                              00000011
TMR2IE                            00000001
TMR2IF                            00000001
TMR2ON                            00000002
TOUTPS0                           00000003
TOUTPS1                           00000004
TOUTPS2                           00000005
TOUTPS3                           00000006
TRISA                             00000085
TRISB                             00000086
TRISC                             00000087
TRISD                             00000088
TRISE                             00000089
TRISE0                            00000000
TRISE1                            00000001
TRISE2                            00000002
TRMT                              00000001
TX8_9                             00000006
TX9                               00000006
TX9D                              00000000
TXD8                              00000000
TXEN                              00000005
TXIE                              00000004
TXIF                              00000004
TXREG                             00000019
TXSTA                             00000098
UA                                00000001
VEC_INT                           00000004
VEC_RESET                         00000000
W                                 00000000
WCOL                              00000007
WR                                00000001
WREN                              00000002
WRERR                             00000003
Z                                 00000002
_BODEN_OFF                        00003FBF
_BODEN_ON                         00003FFF
_CPD_OFF                          00003FFF
_CPD_ON                           00003EFF
_CP_ALL                           00001FFF
_CP_OFF                           00003FFF
MPASM  5.30.01  EXAMEN DE MICROS PRIMER PARCIAL.   3-24-2021  12:28:36         PAGE 13


SYMBOL TABLE
  LABEL                             VALUE 

_DEBUG_OFF                        00003FFF
_DEBUG_ON                         000037FF
_HS_OSC                           00003FFE
_LP_OSC                           00003FFC
_LVP_OFF                          00003F7F
_LVP_ON                           00003FFF
_PWRTE_OFF                        00003FFF
_PWRTE_ON                         00003FF7
_RC_OSC                           00003FFF
_WDT_OFF                          00003FFB
_WDT_ON                           00003FFF
_WRT_1FOURTH                      00003BFF
_WRT_256                          00003DFF
_WRT_HALF                         000039FF
_WRT_OFF                          00003FFF
_XT_OSC                           00003FFD
__16F877A                         00000001
__DEBUG                           1


MEMORY USAGE MAP ('X' = Used,  '-' = Unused)

0000 : XX--XXXXXXXXXXXX XXXXXXXXXXXXXXXX XXXXXXXXXXXXXXXX XXXXXXXXXXXXXXXX
0040 : XXXXXXXXXXXXXXXX XXXXXXXX-------- ---------------- ----------------
2000 : -------X-------- ---------------- ---------------- ----------------

All other memory blocks unused.

Program Memory Words Used:    86
Program Memory Words Free:  8106


Errors   :     0
Warnings :     1 reported,     0 suppressed
Messages :     0 reported,     0 suppressed

