MPASM  5.30.01                    PRACTICA 1.ASM   3-18-2021  22:30:43         PAGE  1


LOC  OBJECT CODE     LINE SOURCE TEXT
  VALUE

                      00001 ;INSTITUTO POLITECNICO NACIONAL
                      00002 ;CECYT 9 JUAN DE DIOS BATIZ
                      00003 ;
                      00004 ;PRACTICA 1 MANEJO DE UNA PANTALLA LCD (RELOJ DE TIEMPO REAL).
                      00005 ;
                      00006 ;GRUPO:6IM2
                      00007 ;
                      00008 ;INTEGRANTE
                      00009 ;Morales Martínez José Antonio
                      00010 ;
                      00011 ;El programa ejecutara un reloj en tiempo real mediante interrupciones y se vizualizara en un 
                      00012 ;LCD
                      00013 ;----------------------------------------------------------------------------------------------------
                      00014 
Warning[205]: Found directive in column 1. (LIST)
                      00015 LIST P=16F877A; // Directiva utilizada para definir el microcontrolador a utilizar
                      00016 
                      00017 
                      00018 #INCLUDE "c:\program files (x86)\microchip\mpasm suite\p16f877a.inc"; 
                      00001         LIST
                      00002 ; P16F877A.INC  Standard Header File, Version 1.00    Microchip Technology, Inc.
                      00400         LIST
                      00019 
                      00020 
                      00021 ;Bits de configuracion
Warning[205]: Found directive in column 1. (__CONFIG)
2007   3F31           00022 __CONFIG _XT_OSC & _WDT_OFF & _PWRTE_ON & _BODEN_OFF & _LVP_OFF & _CP_OFF; ALL
                      00023 
                      00024 ;------------------------------------------------------------------------------------------------------
                      00025 ;fosc = 4 Mhz.
                      00026 ;Ciclo de trabajo del PIC = (1/fosc)*4 = 1us.
                      00027 ;t int =(256-R)*(P)*((1/4000000)*4) = 1 ms ;// Tiempo de interrupción.
                      00028 ;R=131, p=8.
                      00029 ;frec int = 1/ t int = 1Khz.
                      00030 ;------------------------------------------------------------------------------------------------------
                      00031 ;
                      00032 ;Registros de proposito general Banco 0 de Memoria RAM.
                      00033 ;
                      00034 ;Registros propios de estructura del programa
                      00035 
                      00036 
  00000023            00037 CTA_UNISEG              EQU                     0X23;   //Dirección de la memoria RAM para el registro d
                            e las unidades de segundo
  00000024            00038 CTA_DECSEG              EQU                     0X24;   //Dirección de la memoria RAM para el registro d
                            e las decenas de segundo
  00000025            00039 CTA_UNIMIN              EQU                     0X25;   //Dirección de la memoria RAM para el registro d
                            e las unidades de minuto
  00000026            00040 CTA_DECMIN      EQU                     0X26;   //Dirección de la memoria RAM para el registro de las de
                            cenas de minuto
  00000027            00041 CTA_UNIHOR              EQU                     0X27;   //Dirección de la memoria RAM para el registro d
                            e las unidades de minuto
  00000028            00042 CTA_DECHOR      EQU                     0X28;   //Dirección de la memoria RAM para el registro de las de
                            cenas de minuto
MPASM  5.30.01                    PRACTICA 1.ASM   3-18-2021  22:30:43         PAGE  2


LOC  OBJECT CODE     LINE SOURCE TEXT
  VALUE

  00000029            00043 RES_W               EQU                 0X29;   
  00000030            00044 RES_STATUS              EQU                     0X30;
  00000031            00045 RES_PCLATH              EQU                     0X31;
  00000032            00046 RES_FSR                 EQU                     0X32;
  00000033            00047 PRESC_1                 EQU                     0X33;
  00000034            00048 PRESC_2                 EQU                     0X34;
  00000035            00049 BANDERAS                EQU                     0X35;   
  00000036            00050 CONT_MILIS              EQU                     0X36;
                      00051 
  00000037            00052 BUFFER7         EQU                     0X37;   //Dirección de la memoria RAM para el buffer 7
  00000038            00053 BUFFER6             EQU                 0X38;   //Dirección de la memoria RAM para el buffer 6
  00000039            00054 BUFFER5             EQU                 0X39;   //Dirección de la memoria RAM para el buffer 5
  00000040            00055 BUFFER4                 EQU                     0X40;   //Dirección de la memoria RAM para el buffer 4
  00000041            00056 BUFFER3                 EQU                     0X41;   //Dirección de la memoria RAM para el buffer 3
  00000042            00057 BUFFER2                 EQU                     0X42;   //Dirección de la memoria RAM para el buffer 2
  00000043            00058 BUFFER1                 EQU                     0X43;   //Dirección de la memoria RAM para el buffer 1
  00000044            00059 BUFFER0                 EQU                     0X44;   //Dirección de la memoria RAM para el buffer 0
                      00060 ;-----------------------------------------------------------------------------------------------------
                      00061 ;
                      00062 ;Constantes
  00000000            00063 M                               EQU                .0;
  00000003            00064 N                               EQU                .3;
  000000DC            00065 L                               EQU                .220;
  0000001F            00066 BARRIDO         EQU        .31;
                      00067 ;Constantes de caracteres en siete segmentos.
  00000077            00068 CAR_A                   EQU B'01110111'; Caracter A en siete segmentos.
  0000007C            00069 CAR_B                   EQU B'01111100'; Caracter b en siete segmentos.
  00000039            00070 CAR_C                   EQU B'00111001'; Caracter C en siete segmentos.
  00000058            00071 CAR_CC                  EQU B'01011000'; Caracter c en siete segmentos.
  0000005E            00072 CAR_D                   EQU B'01011110'; Caracter D en siete segmentos.
  00000079            00073 CAR_E                   EQU B'01111001'; Caracter E en siete segmentos.
  00000071            00074 CAR_F                   EQU B'01110001'; Caracter F en siete segmentos.
  0000003D            00075 CAR_G                   EQU B'00111101'; Caracter G en siete segmentos.
  0000006F            00076 CAR_GG                  EQU B'01101111'; Caracter g en siete segmentos.
  00000076            00077 CAR_H                   EQU B'01110110'; Caracter H en siete segmentos.
  00000074            00078 CAR_HH                  EQU B'01110100'; Caracter h en siete segmentos.
  00000006            00079 CAR_I                   EQU B'00000110'; Caracter I en siete segmentos.
  00000004            00080 CAR_II                  EQU B'00000100'; Caracter i en siete segmentos.
  00000038            00081 CAR_L                   EQU B'00111000'; Caracter L en siete segmentos.
  0000001F            00082 CAR_J                   EQU B'00011111'; Caracter J en siete segmentos.
  00000037            00083 CAR_N                   EQU B'00110111'; Caracter N en siete segmentos.
  0000002B            00084 CAR_M                   EQU B'00101011'; Caracter M en siete segmentos.
  0000003F            00085 CAR_O                   EQU B'00111111'; Caracter O en siete segmentos.
  0000005C            00086 CAR_OO                  EQU B'01011100'; Caracter o en siete segmentos.
  00000073            00087 CAR_P                   EQU B'01110011'; Caracter P en siete segmentos.
  00000067            00088 CAR_Q                   EQU B'01100111'; Caracter q en siete segmentos.
  00000050            00089 CAR_R                   EQU B'01010000'; Caracter R en siete segmentos.
  0000006D            00090 CAR_S                   EQU B'01101101'; Caracter S en siete segmentos.
  00000078            00091 CAR_T                   EQU B'01111000'; Caracter t en siete segmentos.
  0000003E            00092 CAR_U                   EQU B'00111110'; Caracter U en siete segmentos.
  00000006            00093 CAR_UU                  EQU B'00000110'; Caracter u en siete segmentos.
  0000006E            00094 CAR_Y                   EQU B'01101110'; Caracter y en siete segmentos.
  0000005B            00095 CAR_Z                   EQU B'01011011'; Caracter Z en siete segmentos.
MPASM  5.30.01                    PRACTICA 1.ASM   3-18-2021  22:30:43         PAGE  3


LOC  OBJECT CODE     LINE SOURCE TEXT
  VALUE

  0000003F            00096 CAR_0                   EQU B'00111111'; Caracter 0 en siete segmentos.
  00000006            00097 CAR_1                   EQU B'00000110'; Caracter 1 en siete segmentos.
  0000005B            00098 CAR_2                   EQU B'01011011'; Caracter 2 en siete segmentos.
  0000004F            00099 CAR_3                   EQU B'01001111'; Caracter 3 en siete segmentos.
  00000066            00100 CAR_4                   EQU B'01100110'; Caracter 4 en siete segmentos.
  0000006D            00101 CAR_5                   EQU B'01101101'; Caracter 5 en siete segmentos.
  0000007D            00102 CAR_6                   EQU B'01111101'; Caracter 6 en siete segmentos.
  00000007            00103 CAR_7                   EQU B'00000111'; Caracter 7 en siete segmentos.
  0000007F            00104 CAR_8                   EQU B'01111111'; Caracter 8 en siete segmentos.
  00000067            00105 CAR_9                   EQU B'01100111'; Caracter 0 en siete segmentos.
  00000008            00106 CAR_                    EQU     B'00001000'; Caracter _ en siete segmentos.
  00000040            00107 CAR_GUION                       EQU     B'01000000'; Caracter - en siete segmentos.
  00000000            00108 CAR_NULL                EQU B'00000000'; Caracter nulo en siete segementos. 
                      00109 
                      00110 ; banderas del registro banderas.
  00000000            00111 BAN_INT                 EQU     .0;
  00000001            00112 SIN_BD1                 EQU     .1; 
  00000002            00113 SIN_BD2                 EQU     .2; 
  00000003            00114 SIN_BD3                 EQU     .3; 
  00000004            00115 SIN_BD4                 EQU     .4; 
  00000005            00116 SIN_BD5                 EQU     .5; 
  00000006            00117 SIN_BD6                 EQU     .6; 
  00000007            00118 SIN_BD7                 EQU     .7; ;Asignacion de los bits del registro bandera
                      00119 
                      00120 ;-------------------------------------------------------------------------------------
                      00121 ;
                      00122 ;Asignacion de los bits de los puertos de I/O.
                      00123 ;Puerto A.
  00000000            00124 RS_LCD                  EQU                     .0; // 
  00000001            00125 ENABLE_LCD              EQU                     .1; // 
  00000002            00126 SIN_USORA2              EQU                     .2; // Sin Uso RA2.
  00000003            00127 SIN_USORA3              EQU                     .3; // Sin Uso RA3.
  00000004            00128 SIN_USORA4              EQU                     .4; // Sin Uso RA4.
  00000005            00129 SIN_USORA5              EQU                     .5; // Sin Uso RA5.
                      00130 
  0000003C            00131 PROGA                   EQU     B'111100'; // Programacion Inicial del Puerto A.
                      00132 
                      00133 ;Puerto B.
  00000000            00134 SIN_USORB0              EQU             .0; // Sin Uso RB0.
  00000001            00135 SIN_USORB1              EQU             .1; // Sin Uso RB1.
  00000002            00136 SIN_USORB2              EQU             .2; // Sin Uso RB2.
  00000003            00137 SIN_USORB3              EQU             .3; // Sin Uso RB3.
  00000004            00138 SIN_USORB4              EQU             .4; // Sin Uso RB4.
  00000005            00139 SIN_USORB5              EQU             .5; // Sin Uso RB5.
  00000006            00140 SIN_USORB6              EQU             .6; // Sin Uso RB6.
  00000007            00141 SIN_USORB7      EQU             .7; // Sin Uso RB7.
                      00142 
  000000FF            00143 PROGB                   EQU     B'11111111'; // Programacion Inicial del Puerto B.
                      00144 
                      00145 ;Puerto C.
  00000000            00146 D0_LCD                  EQU                     .0; // Bit D0 del bus de datos de la LCD.
  00000001            00147 D1_LCD                  EQU                     .1; // Bit D1 del bus de datos de la LCD.
  00000002            00148 D2_LCD                  EQU                     .2; // Bit D2 del bus de datos de la LCD.
MPASM  5.30.01                    PRACTICA 1.ASM   3-18-2021  22:30:43         PAGE  4


LOC  OBJECT CODE     LINE SOURCE TEXT
  VALUE

  00000003            00149 D3_LCD                  EQU                     .3; // Bit D3 del bus de datos de la LCD.
  00000004            00150 D4_LCD                  EQU                     .4; // Bit D4 del bus de datos de la LCD.
  00000005            00151 D5_LCD                  EQU                     .5; // Bit D5 del bus de datos de la LCD.
  00000006            00152 D6_LCD                  EQU                     .6; // Bit D6 del bus de datos de la LCD.
  00000007            00153 D7_LCD                  EQU                     .7; // Bit D7 del bus de datos de la LCD.
                      00154 
  00000000            00155 PROGC                   EQU     B'00000000'; // Programacion Inicial del Puerto C como Entrada.
                      00156 
                      00157 ;Puerto D.
  00000000            00158 SIN_USORD0              EQU                     .0; // Sin Uso RD0.
  00000001            00159 SIN_USORD1              EQU                     .1; // Sin Uso RD1.
  00000002            00160 SIN_USORD2              EQU                     .2; // Sin Uso RD2.
  00000003            00161 SIN_USORD3              EQU                     .3; // Sin Uso RD3.
  00000004            00162 SIN_USORD4              EQU                     .4; // Sin Uso RD4.
  00000005            00163 SIN_USORD5              EQU                     .5; // Sin Uso RD5.
  00000006            00164 SIN_USORD6              EQU                     .6; // Sin Uso RD6.
  00000007            00165 SIN_USORD7              EQU                     .7; // Sin Uso RD7.
                      00166 
  000000FF            00167 PROGD                   EQU     B'11111111'; // Programacion Inicial del Puerto D como entradas.
                      00168 
                      00169 ;Puerto E.
  00000000            00170 SIN_USORE0              EQU                     .0; // Sin Uso RE0.
  00000001            00171 SIN_USORE1              EQU                     .1; // Sin Uso RE1.
  00000002            00172 LED_ROJO                EQU                     .2; // Sin Uso RE2.
                      00173 
  00000003            00174 PROGE                   EQU     B'011'; // Programacion inicial del Puerto E.
                      00175 ;-------------------------------------------------------------------------------------------------------
                            --
                      00176                                 ;================
                      00177                                 ;==Vector Reset==
                      00178                                 ;================
0000                  00179                                 ORG 0X0000;                             // dirección de inicio de la mem
                            oria donde el IDE comenzara a ensamblar
0000   018A           00180 VEC_RESET               CLRF PCLATH;                    // Limpia el registro PCLATH
0001   2850           00181                                 GOTO PROG_PRIN;                 // ve para la etiqueta prog_ini
                      00182 ;-------------------------------------------------------------------------------------------------------
                            --
                      00183                         ;=============================
                      00184                         ;== Subrutina de Interrupciones  ==
                      00185                         ;=============================
0004                  00186                  ORG 0004H;   
0004   00A9           00187 VEC_INT          MOVWF RES_W;           //resp.esl estado del reg. w. 
0005   0803           00188                  MOVF STATUS,W;
0006   00B0           00189                  MOVWF RES_STATUS;       //resp. banderas de la alu.
0007   0183           00190                  CLRF STATUS;
0008   080A           00191                  MOVF PCLATH,W;
0009   00B1           00192                  MOVWF RES_PCLATH;
000A   018A           00193                  CLRF PCLATH;
000B   0804           00194                  MOVF FSR,W;
000C   00B2           00195                  MOVWF RES_FSR; 
                      00196                                  
000D   190B           00197                  BTFSC INTCON,T0IF;
000E   2019           00198                  CALL RUTINA_INT;
MPASM  5.30.01                    PRACTICA 1.ASM   3-18-2021  22:30:43         PAGE  5


LOC  OBJECT CODE     LINE SOURCE TEXT
  VALUE

                      00199                         
                      00200                            
000F   3083           00201 SAL_INT          MOVLW .131;
0010   0081           00202                  MOVWF TMR0;
0011   0832           00203                  MOVF RES_FSR,W;
0012   0084           00204                  MOVWF FSR;
0013   0831           00205                  MOVF RES_PCLATH,W;
0014   008A           00206                  MOVWF PCLATH;
0015   0830           00207                  MOVF RES_STATUS,W;
0016   0083           00208                  MOVWF STATUS;
0017   0829           00209                  MOVF RES_W,W;
                      00210                         
0018   0009           00211                  RETFIE;
                      00212 ;--------------------------------------------------------------------------------------------------
                      00213 
                      00214 
                      00215                         ;=============================
                      00216                         ;== Subrutina de Interrupciones  ==
                      00217                         ;=============================
0019                  00218 RUTINA_INT      
0019   0AB6           00219                                 INCF CONT_MILIS,F;
001A   0AB3           00220                 INCF PRESC_1,F;
                      00221                         
001B   3064           00222                 MOVLW .100;
001C   0633           00223                 XORWF PRESC_1,W;
001D   1903           00224                 BTFSC STATUS,Z;
001E   2820           00225                 GOTO SIG_INT;
001F   2829           00226                 GOTO SAL_RUTINT;
                      00227 
0020   01B3           00228 SIG_INT         CLRF PRESC_1;
0021   0AB4           00229                 INCF PRESC_2,F;
0022   300A           00230                 MOVLW .10;
0023   0634           00231                 XORWF PRESC_2,W;
0024   1D03           00232                 BTFSS STATUS,Z;
0025   2829           00233                 GOTO SAL_RUTINT;
0026   01B3           00234                 CLRF PRESC_1;
0027   01B4           00235                 CLRF PRESC_2;
                      00236                         
0028   1435           00237 SAL_RUTEXT      BSF BANDERAS,BAN_INT;
                      00238                                  
0029   110B           00239 SAL_RUTINT      BCF INTCON,T0IF;
002A   0008           00240                 RETURN;
                      00241 ;-------------------------------------------------------------------------------------------------------
                            --      
                      00242 
                      00243 
                      00244                                 ;=======================
                      00245                                 ;==Subrutina de inicio==
                      00246                                 ;=======================
002B   1683           00247 PROG_INI                BSF STATUS,RP0;                 //colocate en el bco. 1 de ram
002C   3082           00248                                 MOVLW 0X82;                             // Mueve la constante 0X81 al re
                            gistro w
002D   0081           00249                                 MOVWF OPTION_REG ^0X80; // Configura el preescalador y descativa los pul
MPASM  5.30.01                    PRACTICA 1.ASM   3-18-2021  22:30:43         PAGE  6


LOC  OBJECT CODE     LINE SOURCE TEXT
  VALUE

                            l-up
002E   303C           00250                                 MOVLW PROGA;                    // Mueve el contenido de w a el registro
                             proga
002F   0085           00251                                 MOVWF TRISA ^0X80;              // Mueve la constante 0X80 al registro T
                            RISA
0030   30FF           00252                                 MOVLW PROGB;                    // Mueve el contenido de w a el registro
                             progb
0031   0086           00253                                 MOVWF TRISB ^0X80;              // Mueve la constante 0X80 al registro T
                            RISB
0032   3000           00254                                 MOVLW PROGC;                    // Mueve el contenido de w a el registro
                             progc
0033   0087           00255                                 MOVWF TRISC ^0X80;              // Mueve la constante 0X80 al registro T
                            RISC
0034   30FF           00256                                 MOVLW PROGD;                    // Mueve el contenido de w a el registro
                             progd
0035   0088           00257                                 MOVWF TRISD ^0X80;              // Mueve la constante 0X80 al registro T
                            RISD
0036   3003           00258                                 MOVLW PROGE;                    // Mueve el contenido de w a el registro
                             proge
0037   0089           00259                                 MOVWF TRISE ^0X80;              // Mueve la constante 0X80 al registro T
                            RISE
0038   3006           00260                                 MOVLW 0X06;                             // Mueve la constante 0X06 al re
                            gistro w
0039   009F           00261                                 MOVWF ADCON1 ^0X80;             // Mueve la constante 0X80 al registro A
                            DCON1
003A   1283           00262                                 BCF     STATUS,RP0;                     //regresa al bco. 0 de ram
                      00263 
                      00264                         
003B   30A0           00265                 MOVLW 0XA0;             // Habilita la iterrupcion del TMR0, Las globales y borra las ba
                            nderas de interrupción 
003C   008B           00266                 MOVWF INTCON;
003D   3083           00267                 MOVLW .131;
003E   0081           00268                 MOVWF TMR0;
                      00269 
003F   0187           00270                                 CLRF PORTC;
0040   3003           00271                                 MOVLW 0X03;                     //Inicializa el pin Enable y RS a 1 logi
                            co
0041   0085           00272                                 MOVWF PORTA;
                      00273                                 
0042   01A9           00274                                 CLRF RES_W;
0043   01B0           00275                                 CLRF RES_STATUS;
0044   01B1           00276                                 CLRF RES_PCLATH;
0045   01B2           00277                                 CLRF RES_FSR; 
0046   01B3           00278                                 CLRF PRESC_1;
0047   01B4           00279                                 CLRF PRESC_2;
0048   01B5           00280                 CLRF BANDERAS;
0049   01A3           00281                                 CLRF CTA_UNISEG;                // Inicializa la cuenta de unidades de s
                            egundo a 0 
004A   01A4           00282                                 CLRF CTA_DECSEG;                // Inicializa la cuenta de decenas de se
                            gundo a 0 
004B   01A5           00283                                 CLRF CTA_UNIMIN;                // Inicializa la cuenta de unidades de m
                            inutos a 0 
004C   01A6           00284                                 CLRF CTA_DECMIN;                // Inicializa la cuenta de decenas de mi
MPASM  5.30.01                    PRACTICA 1.ASM   3-18-2021  22:30:43         PAGE  7


LOC  OBJECT CODE     LINE SOURCE TEXT
  VALUE

                            nutos a 0 
004D   01A7           00285                                 CLRF CTA_UNIHOR;                // Inicializa la cuenta de unidades de h
                            ora a 0
004E   01A8           00286                                 CLRF CTA_DECHOR;                // Inicializa la cuenta de decenas de ho
                            ra a 0
                      00287                           
004F   0008           00288                                 RETURN;
                      00289 ;-------------------------------------------------------------------------------------------------------
                            ---
                      00290 
                      00291                                 ;======================
                      00292                                 ;==Programa Principal==
                      00293                                 ;======================
0050   202B           00294 PROG_PRIN               CALL PROG_INI;          //Llamada a la subrutina de inicio 
                      00295                         
0051   20F0           00296                                 CALL INI_LCD;
                      00297 
0052                  00298 CUENTA_TIME             
0052   2094           00299                                 CALL RECTIFICA;         //Llamada a la subrutina que rectifica que no se
                            an las 24hras si lo son reinicia
0053   0823           00300                                 MOVF CTA_UNISEG,W;      //Mover el contenido del registro cta unidades d
                            e segundo a el registro de trabajo 
0054   00C4           00301                                 MOVWF BUFFER0;          //Mover el contenido del registro de trabajo al 
                            buffer 0
                      00302 
0055   0824           00303                                 MOVF CTA_DECSEG,W;      //Mover el contenido del registro cta decenas de
                             segundo a el registro de trabajo
0056   00C3           00304                                 MOVWF BUFFER1;          //Mover el contenido del registro de trabajo al 
                            buffer 
                      00305 
0057   0825           00306                                 MOVF CTA_UNIMIN,W;      //Mover el contenido del registro cta unidades d
                            e minuto a el registro de trabajo
0058   00C2           00307                                 MOVWF BUFFER2;          //Mover el contenido del registro de trabajo al 
                            buffer 2
                      00308 
0059   0826           00309                                 MOVF CTA_DECMIN,W;      //Mover el contenido del registro cta decenas de
                             minuto a el registro de trabajo
005A   00C1           00310                                 MOVWF BUFFER3;          //Mover el contenido del registro de trabajo al 
                            buffer 3
                      00311 
005B   0827           00312                                 MOVF CTA_UNIHOR,W;      //Mover el contenido del registro cta unidades d
                            e hora a el registro de trabajo
005C   00C0           00313                                 MOVWF BUFFER4;          //Mover el contenido del registro de trabajo al 
                            buffer 4
                      00314 
005D   0828           00315                                 MOVF CTA_DECHOR,W;      //Mover el contenido del registro cta decenas de
                             hora a el registro de trabaj
005E   00B9           00316                                 MOVWF BUFFER5;          //Mover el contenido del registro de trabajo al 
                            buffer 5
                      00317 
                      00318                                 
005F   20A3           00319                                 CALL MUESTRA_TIME;      //Llamada a la subrutina de muestra mensaje 
                      00320 
MPASM  5.30.01                    PRACTICA 1.ASM   3-18-2021  22:30:43         PAGE  8


LOC  OBJECT CODE     LINE SOURCE TEXT
  VALUE

                      00321 
                      00322 ;-------------------------------------------------------------------------------------------------------
                            ---
                      00323                         
0060   0AA3           00324                         INCF CTA_UNISEG,F;      //Incrementa la variable cta unidades de segundo y guara
                            da en el mismo registro
0061   300A           00325                         MOVLW .10;              //Mueve la contante 10 al registro de trabajo 
0062   0223           00326                         SUBWF CTA_UNISEG,W;     //Resta la variable cta unidades de segundo menos el con
                            tenido del registro de trabajo guarada en w
0063   1D03           00327                         BTFSS STATUS,Z; //Si la bandera Z esta en 1 salta, si no ejecuta la siguiente in
                            struccion 
0064   2852           00328                         GOTO CUENTA_TIME;       //Ve para la etiqueta cuenta_time
0065   01A3           00329                         CLRF CTA_UNISEG;        //Reinicia el contenido de las unidades de segundo 
                      00330 
0066   0AA4           00331                         INCF CTA_DECSEG,F;      //Incrementa la variable cta decenas de segundo y guarad
                            a en el mismo registro
0067   3006           00332                         MOVLW .6;               //Mueve la contante 6 al registro de trabajo 
0068   0224           00333                         SUBWF CTA_DECSEG,W;     //Resta la variable cta decenas de segundo menos el cont
                            enido del registro de trabajo guarda en w       
0069   1D03           00334                         BTFSS STATUS,Z; //Si la bandera Z esta en 1 salta, si no ejecuta la siguiente in
                            struccion 
006A   2852           00335                         GOTO CUENTA_TIME;       //Ve para la etiqueta cuenta_time
006B   01A3           00336                         CLRF CTA_UNISEG;        //Reinicia el contenido de las unidades de segundo 
006C   01A4           00337                         CLRF CTA_DECSEG;        //Reinicia el contenido de las decenas de segundo 
                      00338                                 
006D   0AA5           00339                         INCF CTA_UNIMIN,F;      //Incrementa la variable cta unidades de min y guarada e
                            n el mismo registro
006E   300A           00340                         MOVLW .10;              //Mueve la contante 10 al registro de trabajo 
006F   0225           00341                         SUBWF CTA_UNIMIN,W;     //Resta la variable cta unidades de min menos el conteni
                            do del registro de trabajo guarda en w
0070   1D03           00342                         BTFSS STATUS,Z; //Si la bandera Z esta en 1 salta, si no ejecuta la siguiente in
                            struccion       
0071   2852           00343                         GOTO CUENTA_TIME;       //Ve para la etiqueta cuenta_time
0072   01A3           00344                         CLRF CTA_UNISEG;        //Reinicia el contenido de las unidades de segundo
0073   01A4           00345                         CLRF CTA_DECSEG;        //Reinicia el contenido de las decenas de segundo
0074   01A5           00346                         CLRF CTA_UNIMIN;        //Reinicia el contenido de las unidades de minutos 
                      00347 
0075   0AA6           00348                         INCF CTA_DECMIN,F;      //Incrementa la variable cta decenas de min y guarada en
                             el mismo registro
0076   3006           00349                         MOVLW .6;               //Mueve la contante 6 al registro de trabajo 
0077   0226           00350                         SUBWF CTA_DECMIN,W;     //Resta la variable cta decenas de minutos menos el cont
                            enido del registro de trabajo guarda en 
0078   1D03           00351                         BTFSS STATUS,Z; //Si la bandera Z esta en 1 salta, si no ejecuta la siguiente in
                            struccion
0079   2852           00352                         GOTO CUENTA_TIME;       //Ve para la etiqueta cuenta_time
007A   01A3           00353                         CLRF CTA_UNISEG;        //Reinicia el contenido de las unidades de segundo
007B   01A4           00354                         CLRF CTA_DECSEG;        //Reinicia el contenido de las decenas de segundo
007C   01A5           00355                         CLRF CTA_UNIMIN;        //Reinicia el contenido de las unidades de minutos 
007D   01A6           00356                         CLRF CTA_DECMIN;        //Reinicia el contenido de las decenas de minutos 
                      00357 
007E   0AA7           00358                         INCF CTA_UNIHOR,F;      //Incrementa la variable cta unidades de hora y guarada 
                            en el mismo registro
007F   300A           00359                         MOVLW .10;              //Mueve la contante 10 al registro de trabajo 
MPASM  5.30.01                    PRACTICA 1.ASM   3-18-2021  22:30:43         PAGE  9


LOC  OBJECT CODE     LINE SOURCE TEXT
  VALUE

0080   0227           00360                         SUBWF CTA_UNIHOR,W;     //Resta la variable cta unidades de hora menos el conten
                            ido del registro de trabajo guarda en w
0081   1D03           00361                         BTFSS STATUS,Z; /Si la bandera Z esta en 1 salta, si no ejecuta la siguiente ins
                            truccion
0082   2852           00362                         GOTO CUENTA_TIME;       //Ve para la etiqueta cuenta_time
0083   01A3           00363                         CLRF CTA_UNISEG;        //Reinicia el contenido de las unidades de segundo
0084   01A4           00364                         CLRF CTA_DECSEG;        //Reinicia el contenido de las decenas de segundo
0085   01A5           00365                         CLRF CTA_UNIMIN;        //Reinicia el contenido de las unidades de minutos 
0086   01A6           00366                         CLRF CTA_DECMIN;        //Reinicia el contenido de las decenas de minutos 
0087   01A7           00367                         CLRF CTA_UNIHOR;        //Reinicia el contenido de las unidades de hora 
                      00368 
0088   0AA8           00369                         INCF CTA_DECHOR,F;      //Incrementa la variable cta decenas de hora y guarada e
                            n el mismo registro
0089   3003           00370                         MOVLW .3;               //Mueve la contante 3 al registro de trabajo
008A   0228           00371                         SUBWF CTA_DECHOR,W;     //Resta la variable cta decenas de hora menos el conteni
                            do del registro de trabajo guarda en w
008B   1D03           00372                         BTFSS STATUS,Z; //Si la bandera Z esta en 1 salta, si no ejecuta la siguiente in
                            struccion
008C   2852           00373                         GOTO CUENTA_TIME;       //Ve para la etiqueta cuenta_time
008D   01A3           00374                         CLRF CTA_UNISEG;        //Reinicia el contenido de las unidades de segundo
008E   01A4           00375                         CLRF CTA_DECSEG;        //Reinicia el contenido de las decenas de segundo
008F   01A5           00376                         CLRF CTA_UNIMIN;        //Reinicia el contenido de las unidades de minutos 
0090   01A6           00377                         CLRF CTA_DECMIN;        //Reinicia el contenido de las decenas de minutos
0091   01A7           00378                         CLRF CTA_UNIHOR;        //Reinicia el contenido de las unidades de hora 
0092   01A8           00379                         CLRF CTA_DECHOR;        //Reinicia el contenido de las decenas de hora
                      00380                         
0093   2852           00381                         GOTO CUENTA_TIME;       //Ve para la etiqueta cuenta_time
                      00382 
                      00383 ;-------------------------------------------------------------------------------------------------------
                            ---
                      00384 
                      00385         ;====================================================
                      00386                 ;==Subrutina que rectifica =
                      00387         ;====================================================
                      00388 
0094   3002           00389 RECTIFICA       MOVLW .2;                        //Cargar la constante 2 al registro de trabajo
0095   0228           00390                         SUBWF CTA_DECHOR,W;      //Resta entre el registro cta_dechor menos el registro 
                            de trabajo
0096   1D03           00391                         BTFSS STATUS,Z;         //Si el bit Z del registro STATUS es igual a 1 salta
0097   28A2           00392                         GOTO SAL_RECTIFICA;     //ve para sal_rectifica
                      00393 
0098   3004           00394                         MOVLW .4;                       //Cargar la constante 4 al registro de trabajo
0099   0227           00395                         SUBWF CTA_UNIHOR,W;     //Resta entre el contenido del registro cta_unihor menos
                             el registro de trabajo
009A   1D03           00396                         BTFSS STATUS,Z; //Si el bit Z del registro STATUS es igual a 1 salta
009B   28A2           00397                         GOTO SAL_RECTIFICA;     //ve para la salida de la subrutina 
                      00398 
                      00399 
009C   01A3           00400                         CLRF CTA_UNISEG;                //Reinicia el contenido de las unidades de segun
                            do
009D   01A4           00401                         CLRF CTA_DECSEG;                //Reinicia el contenido de las decenas de segund
                            o
009E   01A5           00402                         CLRF CTA_UNIMIN;                //Reinicia el contenido de las unidades de minut
MPASM  5.30.01                    PRACTICA 1.ASM   3-18-2021  22:30:43         PAGE 10


LOC  OBJECT CODE     LINE SOURCE TEXT
  VALUE

                            o
009F   01A6           00403                         CLRF CTA_DECMIN;                //Reinicia el contenido de las decenas de minuto
                            s
00A0   01A7           00404                         CLRF CTA_UNIHOR;                //Reinicia el contenido de las unidades de hora 
00A1   01A8           00405                         CLRF CTA_DECHOR;                //Reinicia el contenido de las decenas de hora
                      00406 
00A2   0008           00407 SAL_RECTIFICA           RETURN;         //sal de la subrutina                   
                      00408 
                      00409 ;-------------------------------------------------------------------------------------------------------
                            ---
                      00410 
                      00411                         ;================================================
                      00412                         ;==Subrutina de muestra mensajes en el display ==
                      00413                         ;================================================
                      00414 
00A3                  00415 MUESTRA_TIME 
                      00416 
00A3   1005           00417                         BCF PORTA,RS_LCD;       //Pone en modo comando al LCD
00A4   3084           00418                         MOVLW 0X84;
00A5   0087           00419                         MOVWF PORTC;
00A6   20FF           00420                         CALL PULSO_ENABLE;
00A7   1405           00421                         BSF PORTA,RS_LCD;       //Pone en modo datos al LCD
00A8   3030           00422                         MOVLW 0X30;
00A9   0739           00423                         ADDWF BUFFER5,W;
00AA   0087           00424                         MOVWF PORTC;
00AB   20FF           00425                         CALL PULSO_ENABLE;
                      00426 
00AC   1005           00427                         BCF PORTA,RS_LCD;       //Pone en modo comando al LCD
00AD   3085           00428                         MOVLW 0X85;
00AE   0087           00429                         MOVWF PORTC;
00AF   20FF           00430                         CALL PULSO_ENABLE;
00B0   1405           00431                         BSF PORTA,RS_LCD;       //Pone en modo datos al LCD
00B1   3030           00432                         MOVLW 0X30;
00B2   0740           00433                         ADDWF BUFFER4,W;
00B3   0087           00434                         MOVWF PORTC;
00B4   20FF           00435                         CALL PULSO_ENABLE;
                      00436 
                      00437 
00B5   1005           00438                         BCF PORTA,RS_LCD;       //Pone en modo comando al LCD
00B6   3086           00439                         MOVLW 0X86;
00B7   0087           00440                         MOVWF PORTC;
00B8   20FF           00441                         CALL PULSO_ENABLE;
00B9   1405           00442                         BSF PORTA,RS_LCD;       //Pone en modo datos al LCD
00BA   303A           00443                         MOVLW 0X3A;
00BB   0087           00444                         MOVWF PORTC;
00BC   20FF           00445                         CALL PULSO_ENABLE;
                      00446                                 
                      00447 
00BD   1005           00448                         BCF PORTA,RS_LCD;       //Pone en modo comando al LCD
00BE   3087           00449                         MOVLW 0X87;
00BF   0087           00450                         MOVWF PORTC;
00C0   20FF           00451                         CALL PULSO_ENABLE;
00C1   1405           00452                         BSF PORTA,RS_LCD;       //Pone en modo datos al LCD
MPASM  5.30.01                    PRACTICA 1.ASM   3-18-2021  22:30:43         PAGE 11


LOC  OBJECT CODE     LINE SOURCE TEXT
  VALUE

00C2   3030           00453                         MOVLW 0X30;
00C3   0741           00454                         ADDWF BUFFER3,W;
00C4   0087           00455                         MOVWF PORTC;
00C5   20FF           00456                         CALL PULSO_ENABLE;
                      00457 
00C6   1005           00458                         BCF PORTA,RS_LCD;       //Pone en modo comando al LCD
00C7   3088           00459                         MOVLW 0X88;
00C8   0087           00460                         MOVWF PORTC;
00C9   20FF           00461                         CALL PULSO_ENABLE;
00CA   1405           00462                         BSF PORTA,RS_LCD;       //Pone en modo datos al LCD
00CB   3030           00463                         MOVLW 0X30;
00CC   0742           00464                         ADDWF BUFFER2,W;
00CD   0087           00465                         MOVWF PORTC;
00CE   20FF           00466                         CALL PULSO_ENABLE;
                      00467 
00CF   1005           00468                         BCF PORTA,RS_LCD;       //Pone en modo comando al LCD
00D0   3089           00469                         MOVLW 0X89;
00D1   0087           00470                         MOVWF PORTC;
00D2   20FF           00471                         CALL PULSO_ENABLE;
00D3   1405           00472                         BSF PORTA,RS_LCD;       //Pone en modo datos al LCD
00D4   303A           00473                         MOVLW 0X3A;
00D5   0087           00474                         MOVWF PORTC;
00D6   20FF           00475                         CALL PULSO_ENABLE;
                      00476 
00D7   1005           00477                         BCF PORTA,RS_LCD;       //Pone en modo comando al LCD
00D8   308A           00478                         MOVLW 0X8A;
00D9   0087           00479                         MOVWF PORTC;
00DA   20FF           00480                         CALL PULSO_ENABLE;
00DB   1405           00481                         BSF PORTA,RS_LCD;       //Pone en modo datos al LCD
00DC   3030           00482                         MOVLW 0X30;
00DD   0743           00483                         ADDWF BUFFER1,W;
00DE   0087           00484                         MOVWF PORTC;
00DF   20FF           00485                         CALL PULSO_ENABLE;
                      00486 
00E0   1005           00487                         BCF PORTA,RS_LCD;       //Pone en modo comando al LCD
00E1   308B           00488                         MOVLW 0X8B;
00E2   0087           00489                         MOVWF PORTC;
00E3   20FF           00490                         CALL PULSO_ENABLE;
00E4   1405           00491                         BSF PORTA,RS_LCD;       //Pone en modo datos al LCD
00E5   3030           00492                         MOVLW 0X30;
00E6   0744           00493                         ADDWF BUFFER0,W;
00E7   0087           00494                         MOVWF PORTC;
00E8   20FF           00495                         CALL PULSO_ENABLE
                      00496 
00E9   1109           00497                         BCF PORTE,LED_ROJO;
                      00498 
00EA   0000           00499 ESP_INT         NOP; 
00EB   1C35           00500             BTFSS BANDERAS,BAN_INT; 
00EC   28EA           00501             GOTO ESP_INT;
00ED   1035           00502             BCF BANDERAS,BAN_INT;
                      00503 
00EE   1509           00504                         BSF PORTE,LED_ROJO;
                      00505 
MPASM  5.30.01                    PRACTICA 1.ASM   3-18-2021  22:30:43         PAGE 12


LOC  OBJECT CODE     LINE SOURCE TEXT
  VALUE

                      00506                         
                      00507 
                      00508 
00EF   0008           00509                         RETURN;                                 //regresa de la subrutina 
                      00510 
                      00511 ;-------------------------------------------------------------------------------------------------------
                            ---
                      00512 
                      00513         ;================================================
                      00514         ;   ==Subrutina de inicializacion en el LCD ==
                      00515         ;================================================
                      00516 
00F0   1005           00517 INI_LCD         BCF PORTA,RS_LCD;       //Pone en modo comando al LCD
                      00518                         
00F1   3038           00519                         MOVLW 0X38;
00F2   0087           00520                         MOVWF PORTC;
00F3   20FF           00521                         CALL PULSO_ENABLE;
00F4   300C           00522                         MOVLW 0X0C; 
00F5   0087           00523                         MOVWF PORTC;
00F6   20FF           00524                         CALL PULSO_ENABLE;
00F7   3001           00525                         MOVLW 0X01;
00F8   0087           00526                         MOVWF PORTC;
00F9   20FF           00527                         CALL PULSO_ENABLE;
00FA   3080           00528                         MOVLW 0X80;
00FB   0087           00529                         MOVWF PORTC;
00FC   20FF           00530                         CALL PULSO_ENABLE;
                      00531                         
00FD   1405           00532                         BSF PORTA,RS_LCD;       //Pone en modo datos al LCD
00FE   0008           00533                         RETURN;
                      00534 
                      00535 ;-------------------------------------------------------------------------------------------------------
                            ---
                      00536 
                      00537                                 ;==============================
                      00538                                 ;       ==Subrutina Pulso Enable=
                      00539                                 ;==============================
                      00540 
00FF   1085           00541 PULSO_ENABLE    BCF PORTA,ENABLE_LCD;
0100   2104           00542                                 CALL RETARDO_1MS;
0101   1485           00543                                 BSF PORTA,ENABLE_LCD;
0102   210A           00544                                 CALL RETARDO_40MS
0103   0008           00545                                 RETURN;
                      00546 ;-------------------------------------------------------------------------------------------------------
                            ---
                      00547 
                      00548 
                      00549                                 ;==============================
                      00550                                 ;==Subrutina de retardo de 1ms=
                      00551                                 ;==============================
                      00552 
0104                  00553 RETARDO_1MS 
0104   01B6           00554                                 CLRF CONT_MILIS;
0105   3001           00555 LOOP_1MS                MOVLW .1;
MPASM  5.30.01                    PRACTICA 1.ASM   3-18-2021  22:30:43         PAGE 13


LOC  OBJECT CODE     LINE SOURCE TEXT
  VALUE

0106   0236           00556                                 SUBWF CONT_MILIS,W;
0107   1D03           00557                                 BTFSS STATUS,Z;
0108   2905           00558                                 GOTO LOOP_1MS;
                      00559                         
0109   0008           00560                                 RETURN;
                      00561 ;-------------------------------------------------------------------------------------------------------
                            ---
                      00562 
                      00563 
                      00564                                 ;==============================
                      00565                                 ;==Subrutina de retardo de 40ms=
                      00566                                 ;==============================
                      00567 
010A   01B6           00568 RETARDO_40MS    CLRF CONT_MILIS;
010B   3028           00569 LOOP_40MS               MOVLW .40;
010C   0236           00570                                 SUBWF CONT_MILIS,W;
010D   1D03           00571                                 BTFSS STATUS,Z;
010E   290B           00572                                 GOTO LOOP_40MS;
                      00573                         
010F   0008           00574                                 RETURN;
                      00575 ;-------------------------------------------------------------------------------------------------------
                            ---
                      00576  
                      00577 
                      00578 
0110   1509           00579 SEC_LED         BSF PORTE,LED_ROJO;
                      00580 
                      00581 
                      00582 
                      00583 
                      00584 
Warning[205]: Found directive in column 1. (END)
                      00585 END
MPASM  5.30.01                    PRACTICA 1.ASM   3-18-2021  22:30:43         PAGE 14


SYMBOL TABLE
  LABEL                             VALUE 

ACKDT                             00000005
ACKEN                             00000004
ACKSTAT                           00000006
ADCON0                            0000001F
ADCON1                            0000009F
ADCS0                             00000006
ADCS1                             00000007
ADCS2                             00000006
ADDEN                             00000003
ADFM                              00000007
ADIE                              00000006
ADIF                              00000006
ADON                              00000000
ADRESH                            0000001E
ADRESL                            0000009E
BANDERAS                          00000035
BAN_INT                           00000000
BARRIDO                           0000001F
BCLIE                             00000003
BCLIF                             00000003
BF                                00000000
BRGH                              00000002
BUFFER0                           00000044
BUFFER1                           00000043
BUFFER2                           00000042
BUFFER3                           00000041
BUFFER4                           00000040
BUFFER5                           00000039
BUFFER6                           00000038
BUFFER7                           00000037
C                                 00000000
C1INV                             00000004
C1OUT                             00000006
C2INV                             00000005
C2OUT                             00000007
CAR_                              00000008
CAR_0                             0000003F
CAR_1                             00000006
CAR_2                             0000005B
CAR_3                             0000004F
CAR_4                             00000066
CAR_5                             0000006D
CAR_6                             0000007D
CAR_7                             00000007
CAR_8                             0000007F
CAR_9                             00000067
CAR_A                             00000077
CAR_B                             0000007C
CAR_C                             00000039
CAR_CC                            00000058
CAR_D                             0000005E
CAR_E                             00000079
CAR_F                             00000071
MPASM  5.30.01                    PRACTICA 1.ASM   3-18-2021  22:30:43         PAGE 15


SYMBOL TABLE
  LABEL                             VALUE 

CAR_G                             0000003D
CAR_GG                            0000006F
CAR_GUION                         00000040
CAR_H                             00000076
CAR_HH                            00000074
CAR_I                             00000006
CAR_II                            00000004
CAR_J                             0000001F
CAR_L                             00000038
CAR_M                             0000002B
CAR_N                             00000037
CAR_NULL                          00000000
CAR_O                             0000003F
CAR_OO                            0000005C
CAR_P                             00000073
CAR_Q                             00000067
CAR_R                             00000050
CAR_S                             0000006D
CAR_T                             00000078
CAR_U                             0000003E
CAR_UU                            00000006
CAR_Y                             0000006E
CAR_Z                             0000005B
CCP1CON                           00000017
CCP1IE                            00000002
CCP1IF                            00000002
CCP1M0                            00000000
CCP1M1                            00000001
CCP1M2                            00000002
CCP1M3                            00000003
CCP1X                             00000005
CCP1Y                             00000004
CCP2CON                           0000001D
CCP2IE                            00000000
CCP2IF                            00000000
CCP2M0                            00000000
CCP2M1                            00000001
CCP2M2                            00000002
CCP2M3                            00000003
CCP2X                             00000005
CCP2Y                             00000004
CCPR1H                            00000016
CCPR1L                            00000015
CCPR2H                            0000001C
CCPR2L                            0000001B
CHS0                              00000003
CHS1                              00000004
CHS2                              00000005
CIS                               00000003
CKE                               00000006
CKP                               00000004
CM0                               00000000
CM1                               00000001
MPASM  5.30.01                    PRACTICA 1.ASM   3-18-2021  22:30:43         PAGE 16


SYMBOL TABLE
  LABEL                             VALUE 

CM2                               00000002
CMCON                             0000009C
CMIE                              00000006
CMIF                              00000006
CONT_MILIS                        00000036
CREN                              00000004
CSRC                              00000007
CTA_DECHOR                        00000028
CTA_DECMIN                        00000026
CTA_DECSEG                        00000024
CTA_UNIHOR                        00000027
CTA_UNIMIN                        00000025
CTA_UNISEG                        00000023
CUENTA_TIME                       00000052
CVR0                              00000000
CVR1                              00000001
CVR2                              00000002
CVR3                              00000003
CVRCON                            0000009D
CVREN                             00000007
CVROE                             00000006
CVRR                              00000005
D                                 00000005
D0_LCD                            00000000
D1_LCD                            00000001
D2_LCD                            00000002
D3_LCD                            00000003
D4_LCD                            00000004
D5_LCD                            00000005
D6_LCD                            00000006
D7_LCD                            00000007
DATA_ADDRESS                      00000005
DC                                00000001
D_A                               00000005
EEADR                             0000010D
EEADRH                            0000010F
EECON1                            0000018C
EECON2                            0000018D
EEDATA                            0000010C
EEDATH                            0000010E
EEIE                              00000004
EEIF                              00000004
EEPGD                             00000007
ENABLE_LCD                        00000001
ESP_INT                           000000EA
F                                 00000001
FERR                              00000002
FSR                               00000004
GCEN                              00000007
GIE                               00000007
GO                                00000002
GO_DONE                           00000002
I2C_DATA                          00000005
MPASM  5.30.01                    PRACTICA 1.ASM   3-18-2021  22:30:43         PAGE 17


SYMBOL TABLE
  LABEL                             VALUE 

I2C_READ                          00000002
I2C_START                         00000003
I2C_STOP                          00000004
IBF                               00000007
IBOV                              00000005
INDF                              00000000
INI_LCD                           000000F0
INTCON                            0000000B
INTE                              00000004
INTEDG                            00000006
INTF                              00000001
IRP                               00000007
L                                 000000DC
LED_ROJO                          00000002
LOOP_1MS                          00000105
LOOP_40MS                         0000010B
M                                 00000000
MUESTRA_TIME                      000000A3
N                                 00000003
NOT_A                             00000005
NOT_ADDRESS                       00000005
NOT_BO                            00000000
NOT_BOR                           00000000
NOT_DONE                          00000002
NOT_PD                            00000003
NOT_POR                           00000001
NOT_RBPU                          00000007
NOT_RC8                           00000006
NOT_T1SYNC                        00000002
NOT_TO                            00000004
NOT_TX8                           00000006
NOT_W                             00000002
NOT_WRITE                         00000002
OBF                               00000006
OERR                              00000001
OPTION_REG                        00000081
P                                 00000004
PCFG0                             00000000
PCFG1                             00000001
PCFG2                             00000002
PCFG3                             00000003
PCL                               00000002
PCLATH                            0000000A
PCON                              0000008E
PEIE                              00000006
PEN                               00000002
PIE1                              0000008C
PIE2                              0000008D
PIR1                              0000000C
PIR2                              0000000D
PORTA                             00000005
PORTB                             00000006
PORTC                             00000007
MPASM  5.30.01                    PRACTICA 1.ASM   3-18-2021  22:30:43         PAGE 18


SYMBOL TABLE
  LABEL                             VALUE 

PORTD                             00000008
PORTE                             00000009
PR2                               00000092
PRESC_1                           00000033
PRESC_2                           00000034
PROGA                             0000003C
PROGB                             000000FF
PROGC                             00000000
PROGD                             000000FF
PROGE                             00000003
PROG_INI                          0000002B
PROG_PRIN                         00000050
PS0                               00000000
PS1                               00000001
PS2                               00000002
PSA                               00000003
PSPIE                             00000007
PSPIF                             00000007
PSPMODE                           00000004
PULSO_ENABLE                      000000FF
R                                 00000002
RBIE                              00000003
RBIF                              00000000
RC8_9                             00000006
RC9                               00000006
RCD8                              00000000
RCEN                              00000003
RCIE                              00000005
RCIF                              00000005
RCREG                             0000001A
RCSTA                             00000018
RD                                00000000
READ_WRITE                        00000002
RECTIFICA                         00000094
RES_FSR                           00000032
RES_PCLATH                        00000031
RES_STATUS                        00000030
RES_W                             00000029
RETARDO_1MS                       00000104
RETARDO_40MS                      0000010A
RP0                               00000005
RP1                               00000006
RSEN                              00000001
RS_LCD                            00000000
RUTINA_INT                        00000019
RX9                               00000006
RX9D                              00000000
R_W                               00000002
S                                 00000003
SAL_INT                           0000000F
SAL_RECTIFICA                     000000A2
SAL_RUTEXT                        00000028
SAL_RUTINT                        00000029
MPASM  5.30.01                    PRACTICA 1.ASM   3-18-2021  22:30:43         PAGE 19


SYMBOL TABLE
  LABEL                             VALUE 

SEC_LED                           00000110
SEN                               00000000
SIG_INT                           00000020
SIN_BD1                           00000001
SIN_BD2                           00000002
SIN_BD3                           00000003
SIN_BD4                           00000004
SIN_BD5                           00000005
SIN_BD6                           00000006
SIN_BD7                           00000007
SIN_USORA2                        00000002
SIN_USORA3                        00000003
SIN_USORA4                        00000004
SIN_USORA5                        00000005
SIN_USORB0                        00000000
SIN_USORB1                        00000001
SIN_USORB2                        00000002
SIN_USORB3                        00000003
SIN_USORB4                        00000004
SIN_USORB5                        00000005
SIN_USORB6                        00000006
SIN_USORB7                        00000007
SIN_USORD0                        00000000
SIN_USORD1                        00000001
SIN_USORD2                        00000002
SIN_USORD3                        00000003
SIN_USORD4                        00000004
SIN_USORD5                        00000005
SIN_USORD6                        00000006
SIN_USORD7                        00000007
SIN_USORE0                        00000000
SIN_USORE1                        00000001
SMP                               00000007
SPBRG                             00000099
SPEN                              00000007
SREN                              00000005
SSPADD                            00000093
SSPBUF                            00000013
SSPCON                            00000014
SSPCON2                           00000091
SSPEN                             00000005
SSPIE                             00000003
SSPIF                             00000003
SSPM0                             00000000
SSPM1                             00000001
SSPM2                             00000002
SSPM3                             00000003
SSPOV                             00000006
SSPSTAT                           00000094
STATUS                            00000003
SYNC                              00000004
T0CS                              00000005
T0IE                              00000005
MPASM  5.30.01                    PRACTICA 1.ASM   3-18-2021  22:30:43         PAGE 20


SYMBOL TABLE
  LABEL                             VALUE 

T0IF                              00000002
T0SE                              00000004
T1CKPS0                           00000004
T1CKPS1                           00000005
T1CON                             00000010
T1INSYNC                          00000002
T1OSCEN                           00000003
T1SYNC                            00000002
T2CKPS0                           00000000
T2CKPS1                           00000001
T2CON                             00000012
TMR0                              00000001
TMR0IE                            00000005
TMR0IF                            00000002
TMR1CS                            00000001
TMR1H                             0000000F
TMR1IE                            00000000
TMR1IF                            00000000
TMR1L                             0000000E
TMR1ON                            00000000
TMR2                              00000011
TMR2IE                            00000001
TMR2IF                            00000001
TMR2ON                            00000002
TOUTPS0                           00000003
TOUTPS1                           00000004
TOUTPS2                           00000005
TOUTPS3                           00000006
TRISA                             00000085
TRISB                             00000086
TRISC                             00000087
TRISD                             00000088
TRISE                             00000089
TRISE0                            00000000
TRISE1                            00000001
TRISE2                            00000002
TRMT                              00000001
TX8_9                             00000006
TX9                               00000006
TX9D                              00000000
TXD8                              00000000
TXEN                              00000005
TXIE                              00000004
TXIF                              00000004
TXREG                             00000019
TXSTA                             00000098
UA                                00000001
VEC_INT                           00000004
VEC_RESET                         00000000
W                                 00000000
WCOL                              00000007
WR                                00000001
WREN                              00000002
MPASM  5.30.01                    PRACTICA 1.ASM   3-18-2021  22:30:43         PAGE 21


SYMBOL TABLE
  LABEL                             VALUE 

WRERR                             00000003
Z                                 00000002
_BODEN_OFF                        00003FBF
_BODEN_ON                         00003FFF
_CPD_OFF                          00003FFF
_CPD_ON                           00003EFF
_CP_ALL                           00001FFF
_CP_OFF                           00003FFF
_DEBUG_OFF                        00003FFF
_DEBUG_ON                         000037FF
_HS_OSC                           00003FFE
_LP_OSC                           00003FFC
_LVP_OFF                          00003F7F
_LVP_ON                           00003FFF
_PWRTE_OFF                        00003FFF
_PWRTE_ON                         00003FF7
_RC_OSC                           00003FFF
_WDT_OFF                          00003FFB
_WDT_ON                           00003FFF
_WRT_1FOURTH                      00003BFF
_WRT_256                          00003DFF
_WRT_HALF                         000039FF
_WRT_OFF                          00003FFF
_XT_OSC                           00003FFD
__16F877A                         00000001
__DEBUG                           1


MEMORY USAGE MAP ('X' = Used,  '-' = Unused)

0000 : XX--XXXXXXXXXXXX XXXXXXXXXXXXXXXX XXXXXXXXXXXXXXXX XXXXXXXXXXXXXXXX
0040 : XXXXXXXXXXXXXXXX XXXXXXXXXXXXXXXX XXXXXXXXXXXXXXXX XXXXXXXXXXXXXXXX
0080 : XXXXXXXXXXXXXXXX XXXXXXXXXXXXXXXX XXXXXXXXXXXXXXXX XXXXXXXXXXXXXXXX
00C0 : XXXXXXXXXXXXXXXX XXXXXXXXXXXXXXXX XXXXXXXXXXXXXXXX XXXXXXXXXXXXXXXX
0100 : XXXXXXXXXXXXXXXX X--------------- ---------------- ----------------
2000 : -------X-------- ---------------- ---------------- ----------------

All other memory blocks unused.

Program Memory Words Used:   271
Program Memory Words Free:  7921


Errors   :     0
Warnings :     3 reported,     0 suppressed
Messages :     0 reported,     0 suppressed

